2018-05-07 19:43:48	INFO	casa::::	---
2018-05-07 19:43:48	INFO	casa::::	CASA Version 4.6.91 (DEV r91)
2018-05-07 19:43:48	INFO	casa::::	  Tagged on: 2015-12-02 16:23:48 -0500 (Wed, 02 Dec 2015)
2018-05-07 19:43:48	INFO	importuvfits::::	
2018-05-07 19:43:48	SEVERE	MSFitsInput::MSFitsInput	Error in output file: File /data6/HERA/data/2458042/KM_uvR_files/zen.2458042.12552.xx.HH.uvR.uvfits.ms exists, and the user does not want to remove it.
2018-05-07 19:43:48	SEVERE	ms::fromfits	2018-05-07 19:43:48	SEVERE	MSFitsInput::MSFitsInput	Error in output file: File /data6/HERA/data/2458042/KM_uvR_files/zen.2458042.12552.xx.HH.uvR.uvfits.ms exists, and the user does not want to remove it.
2018-05-07 19:43:48	SEVERE	importuvfits::::	*** Error ***2018-05-07 19:43:48	SEVERE	MSFitsInput::MSFitsInput	Error in output file: File /data6/HERA/data/2458042/KM_uvR_files/zen.2458042.12552.xx.HH.uvR.uvfits.ms exists, and the user does not want to remove it.
2018-05-07 19:43:48	INFO	importuvfits::::	
2018-05-07 19:43:48	SEVERE	MSFitsInput::MSFitsInput	Error in output file: File /data6/HERA/data/2458042/KM_uvR_files/zen.2458042.13298.xx.HH.uvR.uvfits.ms exists, and the user does not want to remove it.
2018-05-07 19:43:48	SEVERE	ms::fromfits	2018-05-07 19:43:48	SEVERE	MSFitsInput::MSFitsInput	Error in output file: File /data6/HERA/data/2458042/KM_uvR_files/zen.2458042.13298.xx.HH.uvR.uvfits.ms exists, and the user does not want to remove it.
2018-05-07 19:43:48	SEVERE	importuvfits::::	*** Error ***2018-05-07 19:43:48	SEVERE	MSFitsInput::MSFitsInput	Error in output file: File /data6/HERA/data/2458042/KM_uvR_files/zen.2458042.13298.xx.HH.uvR.uvfits.ms exists, and the user does not want to remove it.
2018-05-07 19:43:48	INFO	importuvfits::::	
2018-05-07 19:43:48	SEVERE	MSFitsInput::MSFitsInput	Error in output file: File /data6/HERA/data/2458042/KM_uvR_files/zen.2458042.14043.xx.HH.uvR.uvfits.ms exists, and the user does not want to remove it.
2018-05-07 19:43:48	SEVERE	ms::fromfits	2018-05-07 19:43:48	SEVERE	MSFitsInput::MSFitsInput	Error in output file: File /data6/HERA/data/2458042/KM_uvR_files/zen.2458042.14043.xx.HH.uvR.uvfits.ms exists, and the user does not want to remove it.
2018-05-07 19:43:48	SEVERE	importuvfits::::	*** Error ***2018-05-07 19:43:48	SEVERE	MSFitsInput::MSFitsInput	Error in output file: File /data6/HERA/data/2458042/KM_uvR_files/zen.2458042.14043.xx.HH.uvR.uvfits.ms exists, and the user does not want to remove it.
2018-05-07 19:43:48	INFO	importuvfits::::	
2018-05-07 19:43:48	SEVERE	MSFitsInput::MSFitsInput	Error in output file: File /data6/HERA/data/2458042/KM_uvR_files/zen.2458042.14789.xx.HH.uvR.uvfits.ms exists, and the user does not want to remove it.
2018-05-07 19:43:48	SEVERE	ms::fromfits	2018-05-07 19:43:48	SEVERE	MSFitsInput::MSFitsInput	Error in output file: File /data6/HERA/data/2458042/KM_uvR_files/zen.2458042.14789.xx.HH.uvR.uvfits.ms exists, and the user does not want to remove it.
2018-05-07 19:43:48	SEVERE	importuvfits::::	*** Error ***2018-05-07 19:43:48	SEVERE	MSFitsInput::MSFitsInput	Error in output file: File /data6/HERA/data/2458042/KM_uvR_files/zen.2458042.14789.xx.HH.uvR.uvfits.ms exists, and the user does not want to remove it.
2018-05-07 19:43:48	INFO	importuvfits::::	
2018-05-07 19:43:48	SEVERE	MSFitsInput::MSFitsInput	Error in output file: File /data6/HERA/data/2458042/KM_uvR_files/zen.2458042.15535.xx.HH.uvR.uvfits.ms exists, and the user does not want to remove it.
2018-05-07 19:43:48	SEVERE	ms::fromfits	2018-05-07 19:43:48	SEVERE	MSFitsInput::MSFitsInput	Error in output file: File /data6/HERA/data/2458042/KM_uvR_files/zen.2458042.15535.xx.HH.uvR.uvfits.ms exists, and the user does not want to remove it.
2018-05-07 19:43:48	SEVERE	importuvfits::::	*** Error ***2018-05-07 19:43:48	SEVERE	MSFitsInput::MSFitsInput	Error in output file: File /data6/HERA/data/2458042/KM_uvR_files/zen.2458042.15535.xx.HH.uvR.uvfits.ms exists, and the user does not want to remove it.
2018-05-07 19:43:48	INFO	importuvfits::::	
2018-05-07 19:43:48	SEVERE	MSFitsInput::MSFitsInput	Error in output file: File /data6/HERA/data/2458042/KM_uvR_files/zen.2458042.16280.xx.HH.uvR.uvfits.ms exists, and the user does not want to remove it.
2018-05-07 19:43:48	SEVERE	ms::fromfits	2018-05-07 19:43:48	SEVERE	MSFitsInput::MSFitsInput	Error in output file: File /data6/HERA/data/2458042/KM_uvR_files/zen.2458042.16280.xx.HH.uvR.uvfits.ms exists, and the user does not want to remove it.
2018-05-07 19:43:48	SEVERE	importuvfits::::	*** Error ***2018-05-07 19:43:48	SEVERE	MSFitsInput::MSFitsInput	Error in output file: File /data6/HERA/data/2458042/KM_uvR_files/zen.2458042.16280.xx.HH.uvR.uvfits.ms exists, and the user does not want to remove it.
2018-05-07 19:43:48	INFO	importuvfits::::	
2018-05-07 19:43:48	SEVERE	MSFitsInput::MSFitsInput	Error in output file: File /data6/HERA/data/2458042/KM_uvR_files/zen.2458042.17026.xx.HH.uvR.uvfits.ms exists, and the user does not want to remove it.
2018-05-07 19:43:48	SEVERE	ms::fromfits	2018-05-07 19:43:48	SEVERE	MSFitsInput::MSFitsInput	Error in output file: File /data6/HERA/data/2458042/KM_uvR_files/zen.2458042.17026.xx.HH.uvR.uvfits.ms exists, and the user does not want to remove it.
2018-05-07 19:43:48	SEVERE	importuvfits::::	*** Error ***2018-05-07 19:43:48	SEVERE	MSFitsInput::MSFitsInput	Error in output file: File /data6/HERA/data/2458042/KM_uvR_files/zen.2458042.17026.xx.HH.uvR.uvfits.ms exists, and the user does not want to remove it.
2018-05-07 19:43:48	INFO	importuvfits::::	
2018-05-07 19:43:48	SEVERE	MSFitsInput::MSFitsInput	Error in output file: File /data6/HERA/data/2458042/KM_uvR_files/zen.2458042.17772.xx.HH.uvR.uvfits.ms exists, and the user does not want to remove it.
2018-05-07 19:43:48	SEVERE	ms::fromfits	2018-05-07 19:43:48	SEVERE	MSFitsInput::MSFitsInput	Error in output file: File /data6/HERA/data/2458042/KM_uvR_files/zen.2458042.17772.xx.HH.uvR.uvfits.ms exists, and the user does not want to remove it.
2018-05-07 19:43:48	SEVERE	importuvfits::::	*** Error ***2018-05-07 19:43:48	SEVERE	MSFitsInput::MSFitsInput	Error in output file: File /data6/HERA/data/2458042/KM_uvR_files/zen.2458042.17772.xx.HH.uvR.uvfits.ms exists, and the user does not want to remove it.
2018-05-07 19:43:48	INFO	importuvfits::::	
2018-05-07 19:43:48	SEVERE	MSFitsInput::MSFitsInput	Error in output file: File /data6/HERA/data/2458042/KM_uvR_files/zen.2458042.18517.xx.HH.uvR.uvfits.ms exists, and the user does not want to remove it.
2018-05-07 19:43:48	SEVERE	ms::fromfits	2018-05-07 19:43:48	SEVERE	MSFitsInput::MSFitsInput	Error in output file: File /data6/HERA/data/2458042/KM_uvR_files/zen.2458042.18517.xx.HH.uvR.uvfits.ms exists, and the user does not want to remove it.
2018-05-07 19:43:48	SEVERE	importuvfits::::	*** Error ***2018-05-07 19:43:48	SEVERE	MSFitsInput::MSFitsInput	Error in output file: File /data6/HERA/data/2458042/KM_uvR_files/zen.2458042.18517.xx.HH.uvR.uvfits.ms exists, and the user does not want to remove it.
2018-05-07 19:43:48	INFO	importuvfits::::	
2018-05-07 19:43:48	SEVERE	MSFitsInput::MSFitsInput	Error in output file: File /data6/HERA/data/2458042/KM_uvR_files/zen.2458042.19263.xx.HH.uvR.uvfits.ms exists, and the user does not want to remove it.
2018-05-07 19:43:48	SEVERE	ms::fromfits	2018-05-07 19:43:48	SEVERE	MSFitsInput::MSFitsInput	Error in output file: File /data6/HERA/data/2458042/KM_uvR_files/zen.2458042.19263.xx.HH.uvR.uvfits.ms exists, and the user does not want to remove it.
2018-05-07 19:43:48	SEVERE	importuvfits::::	*** Error ***2018-05-07 19:43:48	SEVERE	MSFitsInput::MSFitsInput	Error in output file: File /data6/HERA/data/2458042/KM_uvR_files/zen.2458042.19263.xx.HH.uvR.uvfits.ms exists, and the user does not want to remove it.
2018-05-07 19:43:48	INFO	importuvfits::::	
2018-05-07 19:43:48	INFO	MSFitsInput::MSFitsInput	Converting FITS file '/data6/HERA/data/2458042/KM_uvR_files/zen.2458042.20009.xx.HH.uvR.uvfits' to MeasurementSet '/data6/HERA/data/2458042/KM_uvR_files/zen.2458042.20009.xx.HH.uvR.uvfits.ms'
2018-05-07 19:43:48	INFO		FITS card 48: CRVAL3  =                   -5                                                  
2018-05-07 19:43:48	INFO		Keyword value has wrong data type.
2018-05-07 19:43:48	INFO		... converted to type double.
2018-05-07 19:43:48	INFO		FITS card 50: CDELT3  =                    1                                                  
2018-05-07 19:43:48	INFO		Keyword value has wrong data type.
2018-05-07 19:43:48	INFO		... converted to type double.
2018-05-07 19:43:48	INFO	MSFitsInput::setupMeasurementSet	Using tile shape [1, 66, 1985] for HERA with obstype=0
2018-05-07 19:43:48	INFO	MSFitsInput::fillMSMainTable	Reading and writing 67680 visibility groups
2018-05-07 19:43:54	INFO	MSFitsInput::readRandomGroupUVFits	extname=AIPS AN  nrows=47 ncols=10 rowsize=58 pcount=0 gcount=1
2018-05-07 19:43:54	INFO	MSFitsInput::fillExtraTables	Filling SOURCE table.
2018-05-07 19:43:54	WARN	MSFitsInput::fillExtraTable	No systemic velocity for field 0
2018-05-07 19:43:54	WARN	MSFitsInput::fillExtraTable	No rest frequency for field 0
2018-05-07 19:43:54	INFO	importuvfits::::	
2018-05-07 19:43:54	INFO	MSFitsInput::MSFitsInput	Converting FITS file '/data6/HERA/data/2458042/KM_uvR_files/zen.2458042.20754.xx.HH.uvR.uvfits' to MeasurementSet '/data6/HERA/data/2458042/KM_uvR_files/zen.2458042.20754.xx.HH.uvR.uvfits.ms'
2018-05-07 19:43:54	INFO		FITS card 48: CRVAL3  =                   -5                                                  
2018-05-07 19:43:54	INFO		Keyword value has wrong data type.
2018-05-07 19:43:54	INFO		... converted to type double.
2018-05-07 19:43:54	INFO		FITS card 50: CDELT3  =                    1                                                  
2018-05-07 19:43:54	INFO		Keyword value has wrong data type.
2018-05-07 19:43:54	INFO		... converted to type double.
2018-05-07 19:43:54	INFO	MSFitsInput::setupMeasurementSet	Using tile shape [1, 66, 1985] for HERA with obstype=0
2018-05-07 19:43:54	INFO	MSFitsInput::fillMSMainTable	Reading and writing 67680 visibility groups
2018-05-07 19:43:59	INFO	MSFitsInput::readRandomGroupUVFits	extname=AIPS AN  nrows=47 ncols=10 rowsize=58 pcount=0 gcount=1
2018-05-07 19:43:59	INFO	MSFitsInput::fillExtraTables	Filling SOURCE table.
2018-05-07 19:43:59	WARN	MSFitsInput::fillExtraTable	No systemic velocity for field 0
2018-05-07 19:43:59	WARN	MSFitsInput::fillExtraTable	No rest frequency for field 0
2018-05-07 19:44:00	INFO	importuvfits::::	
2018-05-07 19:44:00	INFO	MSFitsInput::MSFitsInput	Converting FITS file '/data6/HERA/data/2458042/KM_uvR_files/zen.2458042.21500.xx.HH.uvR.uvfits' to MeasurementSet '/data6/HERA/data/2458042/KM_uvR_files/zen.2458042.21500.xx.HH.uvR.uvfits.ms'
2018-05-07 19:44:00	INFO		FITS card 48: CRVAL3  =                   -5                                                  
2018-05-07 19:44:00	INFO		Keyword value has wrong data type.
2018-05-07 19:44:00	INFO		... converted to type double.
2018-05-07 19:44:00	INFO		FITS card 50: CDELT3  =                    1                                                  
2018-05-07 19:44:00	INFO		Keyword value has wrong data type.
2018-05-07 19:44:00	INFO		... converted to type double.
2018-05-07 19:44:00	INFO	MSFitsInput::setupMeasurementSet	Using tile shape [1, 66, 1985] for HERA with obstype=0
2018-05-07 19:44:00	INFO	MSFitsInput::fillMSMainTable	Reading and writing 67680 visibility groups
2018-05-07 19:44:05	INFO	MSFitsInput::readRandomGroupUVFits	extname=AIPS AN  nrows=47 ncols=10 rowsize=58 pcount=0 gcount=1
2018-05-07 19:44:05	INFO	MSFitsInput::fillExtraTables	Filling SOURCE table.
2018-05-07 19:44:05	WARN	MSFitsInput::fillExtraTable	No systemic velocity for field 0
2018-05-07 19:44:05	WARN	MSFitsInput::fillExtraTable	No rest frequency for field 0
2018-05-07 19:44:05	INFO	importuvfits::::	
2018-05-07 19:44:05	INFO	MSFitsInput::MSFitsInput	Converting FITS file '/data6/HERA/data/2458042/KM_uvR_files/zen.2458042.22245.xx.HH.uvR.uvfits' to MeasurementSet '/data6/HERA/data/2458042/KM_uvR_files/zen.2458042.22245.xx.HH.uvR.uvfits.ms'
2018-05-07 19:44:05	INFO		FITS card 48: CRVAL3  =                   -5                                                  
2018-05-07 19:44:05	INFO		Keyword value has wrong data type.
2018-05-07 19:44:05	INFO		... converted to type double.
2018-05-07 19:44:05	INFO		FITS card 50: CDELT3  =                    1                                                  
2018-05-07 19:44:05	INFO		Keyword value has wrong data type.
2018-05-07 19:44:05	INFO		... converted to type double.
2018-05-07 19:44:05	INFO	MSFitsInput::setupMeasurementSet	Using tile shape [1, 66, 1985] for HERA with obstype=0
2018-05-07 19:44:05	INFO	MSFitsInput::fillMSMainTable	Reading and writing 67680 visibility groups
2018-05-07 19:44:10	INFO	MSFitsInput::readRandomGroupUVFits	extname=AIPS AN  nrows=47 ncols=10 rowsize=58 pcount=0 gcount=1
2018-05-07 19:44:10	INFO	MSFitsInput::fillExtraTables	Filling SOURCE table.
2018-05-07 19:44:10	WARN	MSFitsInput::fillExtraTable	No systemic velocity for field 0
2018-05-07 19:44:10	WARN	MSFitsInput::fillExtraTable	No rest frequency for field 0
2018-05-07 19:44:11	INFO	importuvfits::::	
2018-05-07 19:44:11	INFO	MSFitsInput::MSFitsInput	Converting FITS file '/data6/HERA/data/2458042/KM_uvR_files/zen.2458042.22991.xx.HH.uvR.uvfits' to MeasurementSet '/data6/HERA/data/2458042/KM_uvR_files/zen.2458042.22991.xx.HH.uvR.uvfits.ms'
2018-05-07 19:44:11	INFO		FITS card 48: CRVAL3  =                   -5                                                  
2018-05-07 19:44:11	INFO		Keyword value has wrong data type.
2018-05-07 19:44:11	INFO		... converted to type double.
2018-05-07 19:44:11	INFO		FITS card 50: CDELT3  =                    1                                                  
2018-05-07 19:44:11	INFO		Keyword value has wrong data type.
2018-05-07 19:44:11	INFO		... converted to type double.
2018-05-07 19:44:11	INFO	MSFitsInput::setupMeasurementSet	Using tile shape [1, 66, 1985] for HERA with obstype=0
2018-05-07 19:44:11	INFO	MSFitsInput::fillMSMainTable	Reading and writing 67680 visibility groups
2018-05-07 19:44:17	INFO	MSFitsInput::readRandomGroupUVFits	extname=AIPS AN  nrows=47 ncols=10 rowsize=58 pcount=0 gcount=1
2018-05-07 19:44:17	INFO	MSFitsInput::fillExtraTables	Filling SOURCE table.
2018-05-07 19:44:17	WARN	MSFitsInput::fillExtraTable	No systemic velocity for field 0
2018-05-07 19:44:17	WARN	MSFitsInput::fillExtraTable	No rest frequency for field 0
2018-05-07 19:44:17	INFO	importuvfits::::	
2018-05-07 19:44:17	INFO	MSFitsInput::MSFitsInput	Converting FITS file '/data6/HERA/data/2458042/KM_uvR_files/zen.2458042.23737.xx.HH.uvR.uvfits' to MeasurementSet '/data6/HERA/data/2458042/KM_uvR_files/zen.2458042.23737.xx.HH.uvR.uvfits.ms'
2018-05-07 19:44:17	INFO		FITS card 48: CRVAL3  =                   -5                                                  
2018-05-07 19:44:17	INFO		Keyword value has wrong data type.
2018-05-07 19:44:17	INFO		... converted to type double.
2018-05-07 19:44:17	INFO		FITS card 50: CDELT3  =                    1                                                  
2018-05-07 19:44:17	INFO		Keyword value has wrong data type.
2018-05-07 19:44:17	INFO		... converted to type double.
2018-05-07 19:44:17	INFO	MSFitsInput::setupMeasurementSet	Using tile shape [1, 66, 1985] for HERA with obstype=0
2018-05-07 19:44:17	INFO	MSFitsInput::fillMSMainTable	Reading and writing 67680 visibility groups
2018-05-07 19:44:26	INFO	MSFitsInput::readRandomGroupUVFits	extname=AIPS AN  nrows=47 ncols=10 rowsize=58 pcount=0 gcount=1
2018-05-07 19:44:26	INFO	MSFitsInput::fillExtraTables	Filling SOURCE table.
2018-05-07 19:44:26	WARN	MSFitsInput::fillExtraTable	No systemic velocity for field 0
2018-05-07 19:44:26	WARN	MSFitsInput::fillExtraTable	No rest frequency for field 0
2018-05-07 19:44:26	INFO	importuvfits::::	
2018-05-07 19:44:26	INFO	MSFitsInput::MSFitsInput	Converting FITS file '/data6/HERA/data/2458042/KM_uvR_files/zen.2458042.24482.xx.HH.uvR.uvfits' to MeasurementSet '/data6/HERA/data/2458042/KM_uvR_files/zen.2458042.24482.xx.HH.uvR.uvfits.ms'
2018-05-07 19:44:26	INFO		FITS card 48: CRVAL3  =                   -5                                                  
2018-05-07 19:44:26	INFO		Keyword value has wrong data type.
2018-05-07 19:44:26	INFO		... converted to type double.
2018-05-07 19:44:26	INFO		FITS card 50: CDELT3  =                    1                                                  
2018-05-07 19:44:26	INFO		Keyword value has wrong data type.
2018-05-07 19:44:26	INFO		... converted to type double.
2018-05-07 19:44:26	INFO	MSFitsInput::setupMeasurementSet	Using tile shape [1, 66, 1985] for HERA with obstype=0
2018-05-07 19:44:26	INFO	MSFitsInput::fillMSMainTable	Reading and writing 67680 visibility groups
2018-05-07 19:44:32	INFO	MSFitsInput::readRandomGroupUVFits	extname=AIPS AN  nrows=47 ncols=10 rowsize=58 pcount=0 gcount=1
2018-05-07 19:44:32	INFO	MSFitsInput::fillExtraTables	Filling SOURCE table.
2018-05-07 19:44:32	WARN	MSFitsInput::fillExtraTable	No systemic velocity for field 0
2018-05-07 19:44:32	WARN	MSFitsInput::fillExtraTable	No rest frequency for field 0
2018-05-07 19:44:32	INFO	importuvfits::::	
2018-05-07 19:44:32	INFO	MSFitsInput::MSFitsInput	Converting FITS file '/data6/HERA/data/2458042/KM_uvR_files/zen.2458042.25228.xx.HH.uvR.uvfits' to MeasurementSet '/data6/HERA/data/2458042/KM_uvR_files/zen.2458042.25228.xx.HH.uvR.uvfits.ms'
2018-05-07 19:44:32	INFO		FITS card 48: CRVAL3  =                   -5                                                  
2018-05-07 19:44:32	INFO		Keyword value has wrong data type.
2018-05-07 19:44:32	INFO		... converted to type double.
2018-05-07 19:44:32	INFO		FITS card 50: CDELT3  =                    1                                                  
2018-05-07 19:44:32	INFO		Keyword value has wrong data type.
2018-05-07 19:44:32	INFO		... converted to type double.
2018-05-07 19:44:32	INFO	MSFitsInput::setupMeasurementSet	Using tile shape [1, 66, 1985] for HERA with obstype=0
2018-05-07 19:44:32	INFO	MSFitsInput::fillMSMainTable	Reading and writing 67680 visibility groups
2018-05-07 19:44:38	INFO	MSFitsInput::readRandomGroupUVFits	extname=AIPS AN  nrows=47 ncols=10 rowsize=58 pcount=0 gcount=1
2018-05-07 19:44:38	INFO	MSFitsInput::fillExtraTables	Filling SOURCE table.
2018-05-07 19:44:38	WARN	MSFitsInput::fillExtraTable	No systemic velocity for field 0
2018-05-07 19:44:38	WARN	MSFitsInput::fillExtraTable	No rest frequency for field 0
2018-05-07 19:44:38	INFO	importuvfits::::	
2018-05-07 19:44:38	INFO	MSFitsInput::MSFitsInput	Converting FITS file '/data6/HERA/data/2458042/KM_uvR_files/zen.2458042.25974.xx.HH.uvR.uvfits' to MeasurementSet '/data6/HERA/data/2458042/KM_uvR_files/zen.2458042.25974.xx.HH.uvR.uvfits.ms'
2018-05-07 19:44:38	INFO		FITS card 48: CRVAL3  =                   -5                                                  
2018-05-07 19:44:38	INFO		Keyword value has wrong data type.
2018-05-07 19:44:38	INFO		... converted to type double.
2018-05-07 19:44:38	INFO		FITS card 50: CDELT3  =                    1                                                  
2018-05-07 19:44:38	INFO		Keyword value has wrong data type.
2018-05-07 19:44:38	INFO		... converted to type double.
2018-05-07 19:44:38	INFO	MSFitsInput::setupMeasurementSet	Using tile shape [1, 66, 1985] for HERA with obstype=0
2018-05-07 19:44:38	INFO	MSFitsInput::fillMSMainTable	Reading and writing 67680 visibility groups
2018-05-07 19:44:44	INFO	MSFitsInput::readRandomGroupUVFits	extname=AIPS AN  nrows=47 ncols=10 rowsize=58 pcount=0 gcount=1
2018-05-07 19:44:44	INFO	MSFitsInput::fillExtraTables	Filling SOURCE table.
2018-05-07 19:44:44	WARN	MSFitsInput::fillExtraTable	No systemic velocity for field 0
2018-05-07 19:44:44	WARN	MSFitsInput::fillExtraTable	No rest frequency for field 0
2018-05-07 19:44:44	INFO	importuvfits::::	
2018-05-07 19:44:44	INFO	MSFitsInput::MSFitsInput	Converting FITS file '/data6/HERA/data/2458042/KM_uvR_files/zen.2458042.26719.xx.HH.uvR.uvfits' to MeasurementSet '/data6/HERA/data/2458042/KM_uvR_files/zen.2458042.26719.xx.HH.uvR.uvfits.ms'
2018-05-07 19:44:44	INFO		FITS card 48: CRVAL3  =                   -5                                                  
2018-05-07 19:44:44	INFO		Keyword value has wrong data type.
2018-05-07 19:44:44	INFO		... converted to type double.
2018-05-07 19:44:44	INFO		FITS card 50: CDELT3  =                    1                                                  
2018-05-07 19:44:44	INFO		Keyword value has wrong data type.
2018-05-07 19:44:44	INFO		... converted to type double.
2018-05-07 19:44:44	INFO	MSFitsInput::setupMeasurementSet	Using tile shape [1, 66, 1985] for HERA with obstype=0
2018-05-07 19:44:44	INFO	MSFitsInput::fillMSMainTable	Reading and writing 67680 visibility groups
2018-05-07 19:44:50	INFO	MSFitsInput::readRandomGroupUVFits	extname=AIPS AN  nrows=47 ncols=10 rowsize=58 pcount=0 gcount=1
2018-05-07 19:44:50	INFO	MSFitsInput::fillExtraTables	Filling SOURCE table.
2018-05-07 19:44:50	WARN	MSFitsInput::fillExtraTable	No systemic velocity for field 0
2018-05-07 19:44:50	WARN	MSFitsInput::fillExtraTable	No rest frequency for field 0
2018-05-07 19:44:50	INFO	importuvfits::::	
2018-05-07 19:44:50	INFO	MSFitsInput::MSFitsInput	Converting FITS file '/data6/HERA/data/2458042/KM_uvR_files/zen.2458042.27465.xx.HH.uvR.uvfits' to MeasurementSet '/data6/HERA/data/2458042/KM_uvR_files/zen.2458042.27465.xx.HH.uvR.uvfits.ms'
2018-05-07 19:44:50	INFO		FITS card 48: CRVAL3  =                   -5                                                  
2018-05-07 19:44:50	INFO		Keyword value has wrong data type.
2018-05-07 19:44:50	INFO		... converted to type double.
2018-05-07 19:44:50	INFO		FITS card 50: CDELT3  =                    1                                                  
2018-05-07 19:44:50	INFO		Keyword value has wrong data type.
2018-05-07 19:44:50	INFO		... converted to type double.
2018-05-07 19:44:50	INFO	MSFitsInput::setupMeasurementSet	Using tile shape [1, 66, 1985] for HERA with obstype=0
2018-05-07 19:44:50	INFO	MSFitsInput::fillMSMainTable	Reading and writing 67680 visibility groups
2018-05-07 19:44:58	INFO	MSFitsInput::readRandomGroupUVFits	extname=AIPS AN  nrows=47 ncols=10 rowsize=58 pcount=0 gcount=1
2018-05-07 19:44:58	INFO	MSFitsInput::fillExtraTables	Filling SOURCE table.
2018-05-07 19:44:58	WARN	MSFitsInput::fillExtraTable	No systemic velocity for field 0
2018-05-07 19:44:58	WARN	MSFitsInput::fillExtraTable	No rest frequency for field 0
2018-05-07 19:44:59	INFO	importuvfits::::	
2018-05-07 19:44:59	INFO	MSFitsInput::MSFitsInput	Converting FITS file '/data6/HERA/data/2458042/KM_uvR_files/zen.2458042.28211.xx.HH.uvR.uvfits' to MeasurementSet '/data6/HERA/data/2458042/KM_uvR_files/zen.2458042.28211.xx.HH.uvR.uvfits.ms'
2018-05-07 19:44:59	INFO		FITS card 48: CRVAL3  =                   -5                                                  
2018-05-07 19:44:59	INFO		Keyword value has wrong data type.
2018-05-07 19:44:59	INFO		... converted to type double.
2018-05-07 19:44:59	INFO		FITS card 50: CDELT3  =                    1                                                  
2018-05-07 19:44:59	INFO		Keyword value has wrong data type.
2018-05-07 19:44:59	INFO		... converted to type double.
2018-05-07 19:44:59	INFO	MSFitsInput::setupMeasurementSet	Using tile shape [1, 66, 1985] for HERA with obstype=0
2018-05-07 19:44:59	INFO	MSFitsInput::fillMSMainTable	Reading and writing 67680 visibility groups
2018-05-07 19:45:05	INFO	MSFitsInput::readRandomGroupUVFits	extname=AIPS AN  nrows=47 ncols=10 rowsize=58 pcount=0 gcount=1
2018-05-07 19:45:05	INFO	MSFitsInput::fillExtraTables	Filling SOURCE table.
2018-05-07 19:45:05	WARN	MSFitsInput::fillExtraTable	No systemic velocity for field 0
2018-05-07 19:45:05	WARN	MSFitsInput::fillExtraTable	No rest frequency for field 0
2018-05-07 19:45:05	INFO	importuvfits::::	
2018-05-07 19:45:05	INFO	MSFitsInput::MSFitsInput	Converting FITS file '/data6/HERA/data/2458042/KM_uvR_files/zen.2458042.28956.xx.HH.uvR.uvfits' to MeasurementSet '/data6/HERA/data/2458042/KM_uvR_files/zen.2458042.28956.xx.HH.uvR.uvfits.ms'
2018-05-07 19:45:05	INFO		FITS card 48: CRVAL3  =                   -5                                                  
2018-05-07 19:45:05	INFO		Keyword value has wrong data type.
2018-05-07 19:45:05	INFO		... converted to type double.
2018-05-07 19:45:05	INFO		FITS card 50: CDELT3  =                    1                                                  
2018-05-07 19:45:05	INFO		Keyword value has wrong data type.
2018-05-07 19:45:05	INFO		... converted to type double.
2018-05-07 19:45:05	INFO	MSFitsInput::setupMeasurementSet	Using tile shape [1, 66, 1985] for HERA with obstype=0
2018-05-07 19:45:05	INFO	MSFitsInput::fillMSMainTable	Reading and writing 67680 visibility groups
2018-05-07 19:45:11	INFO	MSFitsInput::readRandomGroupUVFits	extname=AIPS AN  nrows=47 ncols=10 rowsize=58 pcount=0 gcount=1
2018-05-07 19:45:11	INFO	MSFitsInput::fillExtraTables	Filling SOURCE table.
2018-05-07 19:45:11	WARN	MSFitsInput::fillExtraTable	No systemic velocity for field 0
2018-05-07 19:45:11	WARN	MSFitsInput::fillExtraTable	No rest frequency for field 0
2018-05-07 19:45:11	INFO	importuvfits::::	
2018-05-07 19:45:11	INFO	MSFitsInput::MSFitsInput	Converting FITS file '/data6/HERA/data/2458042/KM_uvR_files/zen.2458042.29702.xx.HH.uvR.uvfits' to MeasurementSet '/data6/HERA/data/2458042/KM_uvR_files/zen.2458042.29702.xx.HH.uvR.uvfits.ms'
2018-05-07 19:45:11	INFO		FITS card 48: CRVAL3  =                   -5                                                  
2018-05-07 19:45:11	INFO		Keyword value has wrong data type.
2018-05-07 19:45:11	INFO		... converted to type double.
2018-05-07 19:45:11	INFO		FITS card 50: CDELT3  =                    1                                                  
2018-05-07 19:45:11	INFO		Keyword value has wrong data type.
2018-05-07 19:45:11	INFO		... converted to type double.
2018-05-07 19:45:11	INFO	MSFitsInput::setupMeasurementSet	Using tile shape [1, 66, 1985] for HERA with obstype=0
2018-05-07 19:45:11	INFO	MSFitsInput::fillMSMainTable	Reading and writing 67680 visibility groups
2018-05-07 19:45:17	INFO	MSFitsInput::readRandomGroupUVFits	extname=AIPS AN  nrows=47 ncols=10 rowsize=58 pcount=0 gcount=1
2018-05-07 19:45:17	INFO	MSFitsInput::fillExtraTables	Filling SOURCE table.
2018-05-07 19:45:17	WARN	MSFitsInput::fillExtraTable	No systemic velocity for field 0
2018-05-07 19:45:17	WARN	MSFitsInput::fillExtraTable	No rest frequency for field 0
2018-05-07 19:45:17	INFO	importuvfits::::	
2018-05-07 19:45:17	INFO	MSFitsInput::MSFitsInput	Converting FITS file '/data6/HERA/data/2458042/KM_uvR_files/zen.2458042.30448.xx.HH.uvR.uvfits' to MeasurementSet '/data6/HERA/data/2458042/KM_uvR_files/zen.2458042.30448.xx.HH.uvR.uvfits.ms'
2018-05-07 19:45:17	INFO		FITS card 48: CRVAL3  =                   -5                                                  
2018-05-07 19:45:17	INFO		Keyword value has wrong data type.
2018-05-07 19:45:17	INFO		... converted to type double.
2018-05-07 19:45:17	INFO		FITS card 50: CDELT3  =                    1                                                  
2018-05-07 19:45:17	INFO		Keyword value has wrong data type.
2018-05-07 19:45:17	INFO		... converted to type double.
2018-05-07 19:45:17	INFO	MSFitsInput::setupMeasurementSet	Using tile shape [1, 66, 1985] for HERA with obstype=0
2018-05-07 19:45:17	INFO	MSFitsInput::fillMSMainTable	Reading and writing 67680 visibility groups
2018-05-07 19:45:23	INFO	MSFitsInput::readRandomGroupUVFits	extname=AIPS AN  nrows=47 ncols=10 rowsize=58 pcount=0 gcount=1
2018-05-07 19:45:23	INFO	MSFitsInput::fillExtraTables	Filling SOURCE table.
2018-05-07 19:45:23	WARN	MSFitsInput::fillExtraTable	No systemic velocity for field 0
2018-05-07 19:45:23	WARN	MSFitsInput::fillExtraTable	No rest frequency for field 0
2018-05-07 19:45:24	INFO	importuvfits::::	
2018-05-07 19:45:24	INFO	MSFitsInput::MSFitsInput	Converting FITS file '/data6/HERA/data/2458042/KM_uvR_files/zen.2458042.31193.xx.HH.uvR.uvfits' to MeasurementSet '/data6/HERA/data/2458042/KM_uvR_files/zen.2458042.31193.xx.HH.uvR.uvfits.ms'
2018-05-07 19:45:24	INFO		FITS card 48: CRVAL3  =                   -5                                                  
2018-05-07 19:45:24	INFO		Keyword value has wrong data type.
2018-05-07 19:45:24	INFO		... converted to type double.
2018-05-07 19:45:24	INFO		FITS card 50: CDELT3  =                    1                                                  
2018-05-07 19:45:24	INFO		Keyword value has wrong data type.
2018-05-07 19:45:24	INFO		... converted to type double.
2018-05-07 19:45:24	INFO	MSFitsInput::setupMeasurementSet	Using tile shape [1, 66, 1985] for HERA with obstype=0
2018-05-07 19:45:24	INFO	MSFitsInput::fillMSMainTable	Reading and writing 67680 visibility groups
2018-05-07 19:45:31	INFO	MSFitsInput::readRandomGroupUVFits	extname=AIPS AN  nrows=47 ncols=10 rowsize=58 pcount=0 gcount=1
2018-05-07 19:45:31	INFO	MSFitsInput::fillExtraTables	Filling SOURCE table.
2018-05-07 19:45:31	WARN	MSFitsInput::fillExtraTable	No systemic velocity for field 0
2018-05-07 19:45:31	WARN	MSFitsInput::fillExtraTable	No rest frequency for field 0
2018-05-07 19:45:32	INFO	importuvfits::::	
2018-05-07 19:45:32	INFO	MSFitsInput::MSFitsInput	Converting FITS file '/data6/HERA/data/2458042/KM_uvR_files/zen.2458042.31939.xx.HH.uvR.uvfits' to MeasurementSet '/data6/HERA/data/2458042/KM_uvR_files/zen.2458042.31939.xx.HH.uvR.uvfits.ms'
2018-05-07 19:45:32	INFO		FITS card 48: CRVAL3  =                   -5                                                  
2018-05-07 19:45:32	INFO		Keyword value has wrong data type.
2018-05-07 19:45:32	INFO		... converted to type double.
2018-05-07 19:45:32	INFO		FITS card 50: CDELT3  =                    1                                                  
2018-05-07 19:45:32	INFO		Keyword value has wrong data type.
2018-05-07 19:45:32	INFO		... converted to type double.
2018-05-07 19:45:32	INFO	MSFitsInput::setupMeasurementSet	Using tile shape [1, 66, 1985] for HERA with obstype=0
2018-05-07 19:45:32	INFO	MSFitsInput::fillMSMainTable	Reading and writing 67680 visibility groups
2018-05-07 19:45:38	INFO	MSFitsInput::readRandomGroupUVFits	extname=AIPS AN  nrows=47 ncols=10 rowsize=58 pcount=0 gcount=1
2018-05-07 19:45:38	INFO	MSFitsInput::fillExtraTables	Filling SOURCE table.
2018-05-07 19:45:38	WARN	MSFitsInput::fillExtraTable	No systemic velocity for field 0
2018-05-07 19:45:38	WARN	MSFitsInput::fillExtraTable	No rest frequency for field 0
2018-05-07 19:45:38	INFO	importuvfits::::	
2018-05-07 19:45:38	INFO	MSFitsInput::MSFitsInput	Converting FITS file '/data6/HERA/data/2458042/KM_uvR_files/zen.2458042.32685.xx.HH.uvR.uvfits' to MeasurementSet '/data6/HERA/data/2458042/KM_uvR_files/zen.2458042.32685.xx.HH.uvR.uvfits.ms'
2018-05-07 19:45:38	INFO		FITS card 48: CRVAL3  =                   -5                                                  
2018-05-07 19:45:38	INFO		Keyword value has wrong data type.
2018-05-07 19:45:38	INFO		... converted to type double.
2018-05-07 19:45:38	INFO		FITS card 50: CDELT3  =                    1                                                  
2018-05-07 19:45:38	INFO		Keyword value has wrong data type.
2018-05-07 19:45:38	INFO		... converted to type double.
2018-05-07 19:45:38	INFO	MSFitsInput::setupMeasurementSet	Using tile shape [1, 66, 1985] for HERA with obstype=0
2018-05-07 19:45:38	INFO	MSFitsInput::fillMSMainTable	Reading and writing 67680 visibility groups
2018-05-07 19:45:43	INFO	MSFitsInput::readRandomGroupUVFits	extname=AIPS AN  nrows=47 ncols=10 rowsize=58 pcount=0 gcount=1
2018-05-07 19:45:43	INFO	MSFitsInput::fillExtraTables	Filling SOURCE table.
2018-05-07 19:45:43	WARN	MSFitsInput::fillExtraTable	No systemic velocity for field 0
2018-05-07 19:45:43	WARN	MSFitsInput::fillExtraTable	No rest frequency for field 0
2018-05-07 19:45:43	INFO	importuvfits::::	
2018-05-07 19:45:43	INFO	MSFitsInput::MSFitsInput	Converting FITS file '/data6/HERA/data/2458042/KM_uvR_files/zen.2458042.33430.xx.HH.uvR.uvfits' to MeasurementSet '/data6/HERA/data/2458042/KM_uvR_files/zen.2458042.33430.xx.HH.uvR.uvfits.ms'
2018-05-07 19:45:43	INFO		FITS card 48: CRVAL3  =                   -5                                                  
2018-05-07 19:45:43	INFO		Keyword value has wrong data type.
2018-05-07 19:45:43	INFO		... converted to type double.
2018-05-07 19:45:43	INFO		FITS card 50: CDELT3  =                    1                                                  
2018-05-07 19:45:43	INFO		Keyword value has wrong data type.
2018-05-07 19:45:43	INFO		... converted to type double.
2018-05-07 19:45:43	INFO	MSFitsInput::setupMeasurementSet	Using tile shape [1, 66, 1985] for HERA with obstype=0
2018-05-07 19:45:43	INFO	MSFitsInput::fillMSMainTable	Reading and writing 67680 visibility groups
2018-05-07 19:45:49	INFO	MSFitsInput::readRandomGroupUVFits	extname=AIPS AN  nrows=47 ncols=10 rowsize=58 pcount=0 gcount=1
2018-05-07 19:45:49	INFO	MSFitsInput::fillExtraTables	Filling SOURCE table.
2018-05-07 19:45:49	WARN	MSFitsInput::fillExtraTable	No systemic velocity for field 0
2018-05-07 19:45:49	WARN	MSFitsInput::fillExtraTable	No rest frequency for field 0
2018-05-07 19:45:49	INFO	importuvfits::::	
2018-05-07 19:45:49	INFO	MSFitsInput::MSFitsInput	Converting FITS file '/data6/HERA/data/2458042/KM_uvR_files/zen.2458042.34176.xx.HH.uvR.uvfits' to MeasurementSet '/data6/HERA/data/2458042/KM_uvR_files/zen.2458042.34176.xx.HH.uvR.uvfits.ms'
2018-05-07 19:45:49	INFO		FITS card 48: CRVAL3  =                   -5                                                  
2018-05-07 19:45:49	INFO		Keyword value has wrong data type.
2018-05-07 19:45:49	INFO		... converted to type double.
2018-05-07 19:45:49	INFO		FITS card 50: CDELT3  =                    1                                                  
2018-05-07 19:45:49	INFO		Keyword value has wrong data type.
2018-05-07 19:45:49	INFO		... converted to type double.
2018-05-07 19:45:49	INFO	MSFitsInput::setupMeasurementSet	Using tile shape [1, 66, 1985] for HERA with obstype=0
2018-05-07 19:45:49	INFO	MSFitsInput::fillMSMainTable	Reading and writing 67680 visibility groups
2018-05-07 19:45:56	INFO	MSFitsInput::readRandomGroupUVFits	extname=AIPS AN  nrows=47 ncols=10 rowsize=58 pcount=0 gcount=1
2018-05-07 19:45:56	INFO	MSFitsInput::fillExtraTables	Filling SOURCE table.
2018-05-07 19:45:56	WARN	MSFitsInput::fillExtraTable	No systemic velocity for field 0
2018-05-07 19:45:56	WARN	MSFitsInput::fillExtraTable	No rest frequency for field 0
2018-05-07 19:45:57	INFO	importuvfits::::	
2018-05-07 19:45:57	INFO	MSFitsInput::MSFitsInput	Converting FITS file '/data6/HERA/data/2458042/KM_uvR_files/zen.2458042.34922.xx.HH.uvR.uvfits' to MeasurementSet '/data6/HERA/data/2458042/KM_uvR_files/zen.2458042.34922.xx.HH.uvR.uvfits.ms'
2018-05-07 19:45:57	INFO		FITS card 48: CRVAL3  =                   -5                                                  
2018-05-07 19:45:57	INFO		Keyword value has wrong data type.
2018-05-07 19:45:57	INFO		... converted to type double.
2018-05-07 19:45:57	INFO		FITS card 50: CDELT3  =                    1                                                  
2018-05-07 19:45:57	INFO		Keyword value has wrong data type.
2018-05-07 19:45:57	INFO		... converted to type double.
2018-05-07 19:45:57	INFO	MSFitsInput::setupMeasurementSet	Using tile shape [1, 66, 1985] for HERA with obstype=0
2018-05-07 19:45:57	INFO	MSFitsInput::fillMSMainTable	Reading and writing 67680 visibility groups
2018-05-07 19:46:06	INFO	MSFitsInput::readRandomGroupUVFits	extname=AIPS AN  nrows=47 ncols=10 rowsize=58 pcount=0 gcount=1
2018-05-07 19:46:06	INFO	MSFitsInput::fillExtraTables	Filling SOURCE table.
2018-05-07 19:46:06	WARN	MSFitsInput::fillExtraTable	No systemic velocity for field 0
2018-05-07 19:46:06	WARN	MSFitsInput::fillExtraTable	No rest frequency for field 0
2018-05-07 19:46:06	INFO	importuvfits::::	
2018-05-07 19:46:06	INFO	MSFitsInput::MSFitsInput	Converting FITS file '/data6/HERA/data/2458042/KM_uvR_files/zen.2458042.35667.xx.HH.uvR.uvfits' to MeasurementSet '/data6/HERA/data/2458042/KM_uvR_files/zen.2458042.35667.xx.HH.uvR.uvfits.ms'
2018-05-07 19:46:06	INFO		FITS card 48: CRVAL3  =                   -5                                                  
2018-05-07 19:46:06	INFO		Keyword value has wrong data type.
2018-05-07 19:46:06	INFO		... converted to type double.
2018-05-07 19:46:06	INFO		FITS card 50: CDELT3  =                    1                                                  
2018-05-07 19:46:06	INFO		Keyword value has wrong data type.
2018-05-07 19:46:06	INFO		... converted to type double.
2018-05-07 19:46:06	INFO	MSFitsInput::setupMeasurementSet	Using tile shape [1, 66, 1985] for HERA with obstype=0
2018-05-07 19:46:06	INFO	MSFitsInput::fillMSMainTable	Reading and writing 67680 visibility groups
2018-05-07 19:46:17	INFO	MSFitsInput::readRandomGroupUVFits	extname=AIPS AN  nrows=47 ncols=10 rowsize=58 pcount=0 gcount=1
2018-05-07 19:46:17	INFO	MSFitsInput::fillExtraTables	Filling SOURCE table.
2018-05-07 19:46:17	WARN	MSFitsInput::fillExtraTable	No systemic velocity for field 0
2018-05-07 19:46:17	WARN	MSFitsInput::fillExtraTable	No rest frequency for field 0
2018-05-07 19:46:17	INFO	importuvfits::::	
2018-05-07 19:46:17	INFO	MSFitsInput::MSFitsInput	Converting FITS file '/data6/HERA/data/2458042/KM_uvR_files/zen.2458042.36413.xx.HH.uvR.uvfits' to MeasurementSet '/data6/HERA/data/2458042/KM_uvR_files/zen.2458042.36413.xx.HH.uvR.uvfits.ms'
2018-05-07 19:46:17	INFO		FITS card 48: CRVAL3  =                   -5                                                  
2018-05-07 19:46:17	INFO		Keyword value has wrong data type.
2018-05-07 19:46:17	INFO		... converted to type double.
2018-05-07 19:46:17	INFO		FITS card 50: CDELT3  =                    1                                                  
2018-05-07 19:46:17	INFO		Keyword value has wrong data type.
2018-05-07 19:46:17	INFO		... converted to type double.
2018-05-07 19:46:17	INFO	MSFitsInput::setupMeasurementSet	Using tile shape [1, 66, 1985] for HERA with obstype=0
2018-05-07 19:46:17	INFO	MSFitsInput::fillMSMainTable	Reading and writing 67680 visibility groups
2018-05-07 19:46:22	INFO	MSFitsInput::readRandomGroupUVFits	extname=AIPS AN  nrows=47 ncols=10 rowsize=58 pcount=0 gcount=1
2018-05-07 19:46:22	INFO	MSFitsInput::fillExtraTables	Filling SOURCE table.
2018-05-07 19:46:22	WARN	MSFitsInput::fillExtraTable	No systemic velocity for field 0
2018-05-07 19:46:22	WARN	MSFitsInput::fillExtraTable	No rest frequency for field 0
2018-05-07 19:46:22	INFO	importuvfits::::	
2018-05-07 19:46:22	INFO	MSFitsInput::MSFitsInput	Converting FITS file '/data6/HERA/data/2458042/KM_uvR_files/zen.2458042.37159.xx.HH.uvR.uvfits' to MeasurementSet '/data6/HERA/data/2458042/KM_uvR_files/zen.2458042.37159.xx.HH.uvR.uvfits.ms'
2018-05-07 19:46:22	INFO		FITS card 48: CRVAL3  =                   -5                                                  
2018-05-07 19:46:22	INFO		Keyword value has wrong data type.
2018-05-07 19:46:22	INFO		... converted to type double.
2018-05-07 19:46:22	INFO		FITS card 50: CDELT3  =                    1                                                  
2018-05-07 19:46:22	INFO		Keyword value has wrong data type.
2018-05-07 19:46:22	INFO		... converted to type double.
2018-05-07 19:46:22	INFO	MSFitsInput::setupMeasurementSet	Using tile shape [1, 66, 1985] for HERA with obstype=0
2018-05-07 19:46:22	INFO	MSFitsInput::fillMSMainTable	Reading and writing 67680 visibility groups
2018-05-07 19:46:28	INFO	MSFitsInput::readRandomGroupUVFits	extname=AIPS AN  nrows=47 ncols=10 rowsize=58 pcount=0 gcount=1
2018-05-07 19:46:28	INFO	MSFitsInput::fillExtraTables	Filling SOURCE table.
2018-05-07 19:46:28	WARN	MSFitsInput::fillExtraTable	No systemic velocity for field 0
2018-05-07 19:46:28	WARN	MSFitsInput::fillExtraTable	No rest frequency for field 0
2018-05-07 19:46:28	INFO	importuvfits::::	
2018-05-07 19:46:28	INFO	MSFitsInput::MSFitsInput	Converting FITS file '/data6/HERA/data/2458042/KM_uvR_files/zen.2458042.37904.xx.HH.uvR.uvfits' to MeasurementSet '/data6/HERA/data/2458042/KM_uvR_files/zen.2458042.37904.xx.HH.uvR.uvfits.ms'
2018-05-07 19:46:28	INFO		FITS card 48: CRVAL3  =                   -5                                                  
2018-05-07 19:46:28	INFO		Keyword value has wrong data type.
2018-05-07 19:46:28	INFO		... converted to type double.
2018-05-07 19:46:28	INFO		FITS card 50: CDELT3  =                    1                                                  
2018-05-07 19:46:28	INFO		Keyword value has wrong data type.
2018-05-07 19:46:28	INFO		... converted to type double.
2018-05-07 19:46:28	INFO	MSFitsInput::setupMeasurementSet	Using tile shape [1, 66, 1985] for HERA with obstype=0
2018-05-07 19:46:28	INFO	MSFitsInput::fillMSMainTable	Reading and writing 67680 visibility groups
2018-05-07 19:46:35	INFO	MSFitsInput::readRandomGroupUVFits	extname=AIPS AN  nrows=47 ncols=10 rowsize=58 pcount=0 gcount=1
2018-05-07 19:46:35	INFO	MSFitsInput::fillExtraTables	Filling SOURCE table.
2018-05-07 19:46:35	WARN	MSFitsInput::fillExtraTable	No systemic velocity for field 0
2018-05-07 19:46:35	WARN	MSFitsInput::fillExtraTable	No rest frequency for field 0
2018-05-07 19:46:35	INFO	importuvfits::::	
2018-05-07 19:46:35	INFO	MSFitsInput::MSFitsInput	Converting FITS file '/data6/HERA/data/2458042/KM_uvR_files/zen.2458042.38650.xx.HH.uvR.uvfits' to MeasurementSet '/data6/HERA/data/2458042/KM_uvR_files/zen.2458042.38650.xx.HH.uvR.uvfits.ms'
2018-05-07 19:46:35	INFO		FITS card 48: CRVAL3  =                   -5                                                  
2018-05-07 19:46:35	INFO		Keyword value has wrong data type.
2018-05-07 19:46:35	INFO		... converted to type double.
2018-05-07 19:46:35	INFO		FITS card 50: CDELT3  =                    1                                                  
2018-05-07 19:46:35	INFO		Keyword value has wrong data type.
2018-05-07 19:46:35	INFO		... converted to type double.
2018-05-07 19:46:35	INFO	MSFitsInput::setupMeasurementSet	Using tile shape [1, 66, 1985] for HERA with obstype=0
2018-05-07 19:46:35	INFO	MSFitsInput::fillMSMainTable	Reading and writing 67680 visibility groups
2018-05-07 19:46:41	INFO	MSFitsInput::readRandomGroupUVFits	extname=AIPS AN  nrows=47 ncols=10 rowsize=58 pcount=0 gcount=1
2018-05-07 19:46:41	INFO	MSFitsInput::fillExtraTables	Filling SOURCE table.
2018-05-07 19:46:41	WARN	MSFitsInput::fillExtraTable	No systemic velocity for field 0
2018-05-07 19:46:41	WARN	MSFitsInput::fillExtraTable	No rest frequency for field 0
2018-05-07 19:46:41	INFO	importuvfits::::	
2018-05-07 19:46:41	INFO	MSFitsInput::MSFitsInput	Converting FITS file '/data6/HERA/data/2458042/KM_uvR_files/zen.2458042.39396.xx.HH.uvR.uvfits' to MeasurementSet '/data6/HERA/data/2458042/KM_uvR_files/zen.2458042.39396.xx.HH.uvR.uvfits.ms'
2018-05-07 19:46:41	INFO		FITS card 48: CRVAL3  =                   -5                                                  
2018-05-07 19:46:41	INFO		Keyword value has wrong data type.
2018-05-07 19:46:41	INFO		... converted to type double.
2018-05-07 19:46:41	INFO		FITS card 50: CDELT3  =                    1                                                  
2018-05-07 19:46:41	INFO		Keyword value has wrong data type.
2018-05-07 19:46:41	INFO		... converted to type double.
2018-05-07 19:46:41	INFO	MSFitsInput::setupMeasurementSet	Using tile shape [1, 66, 1985] for HERA with obstype=0
2018-05-07 19:46:41	INFO	MSFitsInput::fillMSMainTable	Reading and writing 67680 visibility groups
2018-05-07 19:46:51	INFO	MSFitsInput::readRandomGroupUVFits	extname=AIPS AN  nrows=47 ncols=10 rowsize=58 pcount=0 gcount=1
2018-05-07 19:46:51	INFO	MSFitsInput::fillExtraTables	Filling SOURCE table.
2018-05-07 19:46:51	WARN	MSFitsInput::fillExtraTable	No systemic velocity for field 0
2018-05-07 19:46:51	WARN	MSFitsInput::fillExtraTable	No rest frequency for field 0
2018-05-07 19:46:51	INFO	importuvfits::::	
2018-05-07 19:46:51	INFO	MSFitsInput::MSFitsInput	Converting FITS file '/data6/HERA/data/2458042/KM_uvR_files/zen.2458042.40141.xx.HH.uvR.uvfits' to MeasurementSet '/data6/HERA/data/2458042/KM_uvR_files/zen.2458042.40141.xx.HH.uvR.uvfits.ms'
2018-05-07 19:46:51	INFO		FITS card 48: CRVAL3  =                   -5                                                  
2018-05-07 19:46:51	INFO		Keyword value has wrong data type.
2018-05-07 19:46:51	INFO		... converted to type double.
2018-05-07 19:46:51	INFO		FITS card 50: CDELT3  =                    1                                                  
2018-05-07 19:46:51	INFO		Keyword value has wrong data type.
2018-05-07 19:46:51	INFO		... converted to type double.
2018-05-07 19:46:51	INFO	MSFitsInput::setupMeasurementSet	Using tile shape [1, 66, 1985] for HERA with obstype=0
2018-05-07 19:46:51	INFO	MSFitsInput::fillMSMainTable	Reading and writing 67680 visibility groups
2018-05-07 19:46:58	INFO	MSFitsInput::readRandomGroupUVFits	extname=AIPS AN  nrows=47 ncols=10 rowsize=58 pcount=0 gcount=1
2018-05-07 19:46:58	INFO	MSFitsInput::fillExtraTables	Filling SOURCE table.
2018-05-07 19:46:58	WARN	MSFitsInput::fillExtraTable	No systemic velocity for field 0
2018-05-07 19:46:58	WARN	MSFitsInput::fillExtraTable	No rest frequency for field 0
2018-05-07 19:46:58	INFO	importuvfits::::	
2018-05-07 19:46:58	INFO	MSFitsInput::MSFitsInput	Converting FITS file '/data6/HERA/data/2458042/KM_uvR_files/zen.2458042.40887.xx.HH.uvR.uvfits' to MeasurementSet '/data6/HERA/data/2458042/KM_uvR_files/zen.2458042.40887.xx.HH.uvR.uvfits.ms'
2018-05-07 19:46:58	INFO		FITS card 48: CRVAL3  =                   -5                                                  
2018-05-07 19:46:58	INFO		Keyword value has wrong data type.
2018-05-07 19:46:58	INFO		... converted to type double.
2018-05-07 19:46:58	INFO		FITS card 50: CDELT3  =                    1                                                  
2018-05-07 19:46:58	INFO		Keyword value has wrong data type.
2018-05-07 19:46:58	INFO		... converted to type double.
2018-05-07 19:46:58	INFO	MSFitsInput::setupMeasurementSet	Using tile shape [1, 66, 1985] for HERA with obstype=0
2018-05-07 19:46:58	INFO	MSFitsInput::fillMSMainTable	Reading and writing 67680 visibility groups
2018-05-07 19:47:04	INFO	MSFitsInput::readRandomGroupUVFits	extname=AIPS AN  nrows=47 ncols=10 rowsize=58 pcount=0 gcount=1
2018-05-07 19:47:04	INFO	MSFitsInput::fillExtraTables	Filling SOURCE table.
2018-05-07 19:47:04	WARN	MSFitsInput::fillExtraTable	No systemic velocity for field 0
2018-05-07 19:47:04	WARN	MSFitsInput::fillExtraTable	No rest frequency for field 0
2018-05-07 19:47:04	INFO	importuvfits::::	
2018-05-07 19:47:04	INFO	MSFitsInput::MSFitsInput	Converting FITS file '/data6/HERA/data/2458042/KM_uvR_files/zen.2458042.41632.xx.HH.uvR.uvfits' to MeasurementSet '/data6/HERA/data/2458042/KM_uvR_files/zen.2458042.41632.xx.HH.uvR.uvfits.ms'
2018-05-07 19:47:04	INFO		FITS card 48: CRVAL3  =                   -5                                                  
2018-05-07 19:47:04	INFO		Keyword value has wrong data type.
2018-05-07 19:47:04	INFO		... converted to type double.
2018-05-07 19:47:04	INFO		FITS card 50: CDELT3  =                    1                                                  
2018-05-07 19:47:04	INFO		Keyword value has wrong data type.
2018-05-07 19:47:04	INFO		... converted to type double.
2018-05-07 19:47:04	INFO	MSFitsInput::setupMeasurementSet	Using tile shape [1, 66, 1985] for HERA with obstype=0
2018-05-07 19:47:04	INFO	MSFitsInput::fillMSMainTable	Reading and writing 67680 visibility groups
2018-05-07 19:47:09	INFO	MSFitsInput::readRandomGroupUVFits	extname=AIPS AN  nrows=47 ncols=10 rowsize=58 pcount=0 gcount=1
2018-05-07 19:47:09	INFO	MSFitsInput::fillExtraTables	Filling SOURCE table.
2018-05-07 19:47:09	WARN	MSFitsInput::fillExtraTable	No systemic velocity for field 0
2018-05-07 19:47:09	WARN	MSFitsInput::fillExtraTable	No rest frequency for field 0
2018-05-07 19:47:09	INFO	importuvfits::::	
2018-05-07 19:47:09	INFO	MSFitsInput::MSFitsInput	Converting FITS file '/data6/HERA/data/2458042/KM_uvR_files/zen.2458042.42378.xx.HH.uvR.uvfits' to MeasurementSet '/data6/HERA/data/2458042/KM_uvR_files/zen.2458042.42378.xx.HH.uvR.uvfits.ms'
2018-05-07 19:47:09	INFO		FITS card 48: CRVAL3  =                   -5                                                  
2018-05-07 19:47:09	INFO		Keyword value has wrong data type.
2018-05-07 19:47:09	INFO		... converted to type double.
2018-05-07 19:47:09	INFO		FITS card 50: CDELT3  =                    1                                                  
2018-05-07 19:47:09	INFO		Keyword value has wrong data type.
2018-05-07 19:47:09	INFO		... converted to type double.
2018-05-07 19:47:09	INFO	MSFitsInput::setupMeasurementSet	Using tile shape [1, 66, 1985] for HERA with obstype=0
2018-05-07 19:47:09	INFO	MSFitsInput::fillMSMainTable	Reading and writing 67680 visibility groups
2018-05-07 19:47:16	INFO	MSFitsInput::readRandomGroupUVFits	extname=AIPS AN  nrows=47 ncols=10 rowsize=58 pcount=0 gcount=1
2018-05-07 19:47:16	INFO	MSFitsInput::fillExtraTables	Filling SOURCE table.
2018-05-07 19:47:16	WARN	MSFitsInput::fillExtraTable	No systemic velocity for field 0
2018-05-07 19:47:16	WARN	MSFitsInput::fillExtraTable	No rest frequency for field 0
2018-05-07 19:47:19	INFO	importuvfits::::	
2018-05-07 19:47:19	INFO	MSFitsInput::MSFitsInput	Converting FITS file '/data6/HERA/data/2458042/KM_uvR_files/zen.2458042.43124.xx.HH.uvR.uvfits' to MeasurementSet '/data6/HERA/data/2458042/KM_uvR_files/zen.2458042.43124.xx.HH.uvR.uvfits.ms'
2018-05-07 19:47:19	INFO		FITS card 48: CRVAL3  =                   -5                                                  
2018-05-07 19:47:19	INFO		Keyword value has wrong data type.
2018-05-07 19:47:19	INFO		... converted to type double.
2018-05-07 19:47:19	INFO		FITS card 50: CDELT3  =                    1                                                  
2018-05-07 19:47:19	INFO		Keyword value has wrong data type.
2018-05-07 19:47:19	INFO		... converted to type double.
2018-05-07 19:47:19	INFO	MSFitsInput::setupMeasurementSet	Using tile shape [1, 66, 1985] for HERA with obstype=0
2018-05-07 19:47:19	INFO	MSFitsInput::fillMSMainTable	Reading and writing 67680 visibility groups
2018-05-07 19:47:25	INFO	MSFitsInput::readRandomGroupUVFits	extname=AIPS AN  nrows=47 ncols=10 rowsize=58 pcount=0 gcount=1
2018-05-07 19:47:25	INFO	MSFitsInput::fillExtraTables	Filling SOURCE table.
2018-05-07 19:47:25	WARN	MSFitsInput::fillExtraTable	No systemic velocity for field 0
2018-05-07 19:47:25	WARN	MSFitsInput::fillExtraTable	No rest frequency for field 0
2018-05-07 19:47:25	INFO	importuvfits::::	
2018-05-07 19:47:25	INFO	MSFitsInput::MSFitsInput	Converting FITS file '/data6/HERA/data/2458042/KM_uvR_files/zen.2458042.43869.xx.HH.uvR.uvfits' to MeasurementSet '/data6/HERA/data/2458042/KM_uvR_files/zen.2458042.43869.xx.HH.uvR.uvfits.ms'
2018-05-07 19:47:25	INFO		FITS card 48: CRVAL3  =                   -5                                                  
2018-05-07 19:47:25	INFO		Keyword value has wrong data type.
2018-05-07 19:47:25	INFO		... converted to type double.
2018-05-07 19:47:25	INFO		FITS card 50: CDELT3  =                    1                                                  
2018-05-07 19:47:25	INFO		Keyword value has wrong data type.
2018-05-07 19:47:25	INFO		... converted to type double.
2018-05-07 19:47:25	INFO	MSFitsInput::setupMeasurementSet	Using tile shape [1, 66, 1985] for HERA with obstype=0
2018-05-07 19:47:25	INFO	MSFitsInput::fillMSMainTable	Reading and writing 67680 visibility groups
2018-05-07 19:47:31	INFO	MSFitsInput::readRandomGroupUVFits	extname=AIPS AN  nrows=47 ncols=10 rowsize=58 pcount=0 gcount=1
2018-05-07 19:47:31	INFO	MSFitsInput::fillExtraTables	Filling SOURCE table.
2018-05-07 19:47:31	WARN	MSFitsInput::fillExtraTable	No systemic velocity for field 0
2018-05-07 19:47:31	WARN	MSFitsInput::fillExtraTable	No rest frequency for field 0
2018-05-07 19:47:31	INFO	importuvfits::::	
2018-05-07 19:47:31	INFO	MSFitsInput::MSFitsInput	Converting FITS file '/data6/HERA/data/2458042/KM_uvR_files/zen.2458042.44615.xx.HH.uvR.uvfits' to MeasurementSet '/data6/HERA/data/2458042/KM_uvR_files/zen.2458042.44615.xx.HH.uvR.uvfits.ms'
2018-05-07 19:47:31	INFO		FITS card 48: CRVAL3  =                   -5                                                  
2018-05-07 19:47:31	INFO		Keyword value has wrong data type.
2018-05-07 19:47:31	INFO		... converted to type double.
2018-05-07 19:47:31	INFO		FITS card 50: CDELT3  =                    1                                                  
2018-05-07 19:47:31	INFO		Keyword value has wrong data type.
2018-05-07 19:47:31	INFO		... converted to type double.
2018-05-07 19:47:31	INFO	MSFitsInput::setupMeasurementSet	Using tile shape [1, 66, 1985] for HERA with obstype=0
2018-05-07 19:47:31	INFO	MSFitsInput::fillMSMainTable	Reading and writing 67680 visibility groups
2018-05-07 19:47:38	INFO	MSFitsInput::readRandomGroupUVFits	extname=AIPS AN  nrows=47 ncols=10 rowsize=58 pcount=0 gcount=1
2018-05-07 19:47:38	INFO	MSFitsInput::fillExtraTables	Filling SOURCE table.
2018-05-07 19:47:38	WARN	MSFitsInput::fillExtraTable	No systemic velocity for field 0
2018-05-07 19:47:38	WARN	MSFitsInput::fillExtraTable	No rest frequency for field 0
2018-05-07 19:47:38	INFO	importuvfits::::	
2018-05-07 19:47:38	INFO	MSFitsInput::MSFitsInput	Converting FITS file '/data6/HERA/data/2458042/KM_uvR_files/zen.2458042.45361.xx.HH.uvR.uvfits' to MeasurementSet '/data6/HERA/data/2458042/KM_uvR_files/zen.2458042.45361.xx.HH.uvR.uvfits.ms'
2018-05-07 19:47:38	INFO		FITS card 48: CRVAL3  =                   -5                                                  
2018-05-07 19:47:38	INFO		Keyword value has wrong data type.
2018-05-07 19:47:38	INFO		... converted to type double.
2018-05-07 19:47:38	INFO		FITS card 50: CDELT3  =                    1                                                  
2018-05-07 19:47:38	INFO		Keyword value has wrong data type.
2018-05-07 19:47:38	INFO		... converted to type double.
2018-05-07 19:47:38	INFO	MSFitsInput::setupMeasurementSet	Using tile shape [1, 66, 1985] for HERA with obstype=0
2018-05-07 19:47:38	INFO	MSFitsInput::fillMSMainTable	Reading and writing 67680 visibility groups
2018-05-07 19:47:43	INFO	MSFitsInput::readRandomGroupUVFits	extname=AIPS AN  nrows=47 ncols=10 rowsize=58 pcount=0 gcount=1
2018-05-07 19:47:43	INFO	MSFitsInput::fillExtraTables	Filling SOURCE table.
2018-05-07 19:47:43	WARN	MSFitsInput::fillExtraTable	No systemic velocity for field 0
2018-05-07 19:47:43	WARN	MSFitsInput::fillExtraTable	No rest frequency for field 0
2018-05-07 19:47:43	INFO	importuvfits::::	
2018-05-07 19:47:43	INFO	MSFitsInput::MSFitsInput	Converting FITS file '/data6/HERA/data/2458042/KM_uvR_files/zen.2458042.46106.xx.HH.uvR.uvfits' to MeasurementSet '/data6/HERA/data/2458042/KM_uvR_files/zen.2458042.46106.xx.HH.uvR.uvfits.ms'
2018-05-07 19:47:43	INFO		FITS card 48: CRVAL3  =                   -5                                                  
2018-05-07 19:47:43	INFO		Keyword value has wrong data type.
2018-05-07 19:47:43	INFO		... converted to type double.
2018-05-07 19:47:43	INFO		FITS card 50: CDELT3  =                    1                                                  
2018-05-07 19:47:43	INFO		Keyword value has wrong data type.
2018-05-07 19:47:43	INFO		... converted to type double.
2018-05-07 19:47:43	INFO	MSFitsInput::setupMeasurementSet	Using tile shape [1, 66, 1985] for HERA with obstype=0
2018-05-07 19:47:43	INFO	MSFitsInput::fillMSMainTable	Reading and writing 67680 visibility groups
2018-05-07 19:47:49	INFO	MSFitsInput::readRandomGroupUVFits	extname=AIPS AN  nrows=47 ncols=10 rowsize=58 pcount=0 gcount=1
2018-05-07 19:47:49	INFO	MSFitsInput::fillExtraTables	Filling SOURCE table.
2018-05-07 19:47:49	WARN	MSFitsInput::fillExtraTable	No systemic velocity for field 0
2018-05-07 19:47:49	WARN	MSFitsInput::fillExtraTable	No rest frequency for field 0
2018-05-07 19:47:49	INFO	importuvfits::::	
2018-05-07 19:47:49	INFO	MSFitsInput::MSFitsInput	Converting FITS file '/data6/HERA/data/2458042/KM_uvR_files/zen.2458042.46852.xx.HH.uvR.uvfits' to MeasurementSet '/data6/HERA/data/2458042/KM_uvR_files/zen.2458042.46852.xx.HH.uvR.uvfits.ms'
2018-05-07 19:47:49	INFO		FITS card 48: CRVAL3  =                   -5                                                  
2018-05-07 19:47:49	INFO		Keyword value has wrong data type.
2018-05-07 19:47:49	INFO		... converted to type double.
2018-05-07 19:47:49	INFO		FITS card 50: CDELT3  =                    1                                                  
2018-05-07 19:47:49	INFO		Keyword value has wrong data type.
2018-05-07 19:47:49	INFO		... converted to type double.
2018-05-07 19:47:49	INFO	MSFitsInput::setupMeasurementSet	Using tile shape [1, 66, 1985] for HERA with obstype=0
2018-05-07 19:47:49	INFO	MSFitsInput::fillMSMainTable	Reading and writing 67680 visibility groups
2018-05-07 19:47:56	INFO	MSFitsInput::readRandomGroupUVFits	extname=AIPS AN  nrows=47 ncols=10 rowsize=58 pcount=0 gcount=1
2018-05-07 19:47:56	INFO	MSFitsInput::fillExtraTables	Filling SOURCE table.
2018-05-07 19:47:56	WARN	MSFitsInput::fillExtraTable	No systemic velocity for field 0
2018-05-07 19:47:56	WARN	MSFitsInput::fillExtraTable	No rest frequency for field 0
2018-05-07 19:47:57	INFO	importuvfits::::	
2018-05-07 19:47:57	INFO	MSFitsInput::MSFitsInput	Converting FITS file '/data6/HERA/data/2458042/KM_uvR_files/zen.2458042.47598.xx.HH.uvR.uvfits' to MeasurementSet '/data6/HERA/data/2458042/KM_uvR_files/zen.2458042.47598.xx.HH.uvR.uvfits.ms'
2018-05-07 19:47:57	INFO		FITS card 48: CRVAL3  =                   -5                                                  
2018-05-07 19:47:57	INFO		Keyword value has wrong data type.
2018-05-07 19:47:57	INFO		... converted to type double.
2018-05-07 19:47:57	INFO		FITS card 50: CDELT3  =                    1                                                  
2018-05-07 19:47:57	INFO		Keyword value has wrong data type.
2018-05-07 19:47:57	INFO		... converted to type double.
2018-05-07 19:47:57	INFO	MSFitsInput::setupMeasurementSet	Using tile shape [1, 66, 1985] for HERA with obstype=0
2018-05-07 19:47:57	INFO	MSFitsInput::fillMSMainTable	Reading and writing 67680 visibility groups
2018-05-07 19:48:04	INFO	MSFitsInput::readRandomGroupUVFits	extname=AIPS AN  nrows=47 ncols=10 rowsize=58 pcount=0 gcount=1
2018-05-07 19:48:04	INFO	MSFitsInput::fillExtraTables	Filling SOURCE table.
2018-05-07 19:48:04	WARN	MSFitsInput::fillExtraTable	No systemic velocity for field 0
2018-05-07 19:48:04	WARN	MSFitsInput::fillExtraTable	No rest frequency for field 0
2018-05-07 19:48:04	INFO	importuvfits::::	
2018-05-07 19:48:04	INFO	MSFitsInput::MSFitsInput	Converting FITS file '/data6/HERA/data/2458042/KM_uvR_files/zen.2458042.48343.xx.HH.uvR.uvfits' to MeasurementSet '/data6/HERA/data/2458042/KM_uvR_files/zen.2458042.48343.xx.HH.uvR.uvfits.ms'
2018-05-07 19:48:04	INFO		FITS card 48: CRVAL3  =                   -5                                                  
2018-05-07 19:48:04	INFO		Keyword value has wrong data type.
2018-05-07 19:48:04	INFO		... converted to type double.
2018-05-07 19:48:04	INFO		FITS card 50: CDELT3  =                    1                                                  
2018-05-07 19:48:04	INFO		Keyword value has wrong data type.
2018-05-07 19:48:04	INFO		... converted to type double.
2018-05-07 19:48:04	INFO	MSFitsInput::setupMeasurementSet	Using tile shape [1, 66, 1985] for HERA with obstype=0
2018-05-07 19:48:04	INFO	MSFitsInput::fillMSMainTable	Reading and writing 67680 visibility groups
2018-05-07 19:48:09	INFO	MSFitsInput::readRandomGroupUVFits	extname=AIPS AN  nrows=47 ncols=10 rowsize=58 pcount=0 gcount=1
2018-05-07 19:48:09	INFO	MSFitsInput::fillExtraTables	Filling SOURCE table.
2018-05-07 19:48:09	WARN	MSFitsInput::fillExtraTable	No systemic velocity for field 0
2018-05-07 19:48:09	WARN	MSFitsInput::fillExtraTable	No rest frequency for field 0
2018-05-07 19:48:09	INFO	importuvfits::::	
2018-05-07 19:48:09	INFO	MSFitsInput::MSFitsInput	Converting FITS file '/data6/HERA/data/2458042/KM_uvR_files/zen.2458042.49089.xx.HH.uvR.uvfits' to MeasurementSet '/data6/HERA/data/2458042/KM_uvR_files/zen.2458042.49089.xx.HH.uvR.uvfits.ms'
2018-05-07 19:48:09	INFO		FITS card 48: CRVAL3  =                   -5                                                  
2018-05-07 19:48:09	INFO		Keyword value has wrong data type.
2018-05-07 19:48:09	INFO		... converted to type double.
2018-05-07 19:48:09	INFO		FITS card 50: CDELT3  =                    1                                                  
2018-05-07 19:48:09	INFO		Keyword value has wrong data type.
2018-05-07 19:48:09	INFO		... converted to type double.
2018-05-07 19:48:09	INFO	MSFitsInput::setupMeasurementSet	Using tile shape [1, 66, 1985] for HERA with obstype=0
2018-05-07 19:48:09	INFO	MSFitsInput::fillMSMainTable	Reading and writing 67680 visibility groups
2018-05-07 19:48:15	INFO	MSFitsInput::readRandomGroupUVFits	extname=AIPS AN  nrows=47 ncols=10 rowsize=58 pcount=0 gcount=1
2018-05-07 19:48:15	INFO	MSFitsInput::fillExtraTables	Filling SOURCE table.
2018-05-07 19:48:15	WARN	MSFitsInput::fillExtraTable	No systemic velocity for field 0
2018-05-07 19:48:15	WARN	MSFitsInput::fillExtraTable	No rest frequency for field 0
2018-05-07 19:48:15	INFO	importuvfits::::	
2018-05-07 19:48:15	INFO	MSFitsInput::MSFitsInput	Converting FITS file '/data6/HERA/data/2458042/KM_uvR_files/zen.2458042.49835.xx.HH.uvR.uvfits' to MeasurementSet '/data6/HERA/data/2458042/KM_uvR_files/zen.2458042.49835.xx.HH.uvR.uvfits.ms'
2018-05-07 19:48:15	INFO		FITS card 48: CRVAL3  =                   -5                                                  
2018-05-07 19:48:15	INFO		Keyword value has wrong data type.
2018-05-07 19:48:15	INFO		... converted to type double.
2018-05-07 19:48:15	INFO		FITS card 50: CDELT3  =                    1                                                  
2018-05-07 19:48:15	INFO		Keyword value has wrong data type.
2018-05-07 19:48:15	INFO		... converted to type double.
2018-05-07 19:48:15	INFO	MSFitsInput::setupMeasurementSet	Using tile shape [1, 66, 1985] for HERA with obstype=0
2018-05-07 19:48:15	INFO	MSFitsInput::fillMSMainTable	Reading and writing 67680 visibility groups
2018-05-07 19:48:21	INFO	MSFitsInput::readRandomGroupUVFits	extname=AIPS AN  nrows=47 ncols=10 rowsize=58 pcount=0 gcount=1
2018-05-07 19:48:21	INFO	MSFitsInput::fillExtraTables	Filling SOURCE table.
2018-05-07 19:48:21	WARN	MSFitsInput::fillExtraTable	No systemic velocity for field 0
2018-05-07 19:48:21	WARN	MSFitsInput::fillExtraTable	No rest frequency for field 0
2018-05-07 19:48:21	INFO	importuvfits::::	
2018-05-07 19:48:21	INFO	MSFitsInput::MSFitsInput	Converting FITS file '/data6/HERA/data/2458042/KM_uvR_files/zen.2458042.50580.xx.HH.uvR.uvfits' to MeasurementSet '/data6/HERA/data/2458042/KM_uvR_files/zen.2458042.50580.xx.HH.uvR.uvfits.ms'
2018-05-07 19:48:21	INFO		FITS card 48: CRVAL3  =                   -5                                                  
2018-05-07 19:48:21	INFO		Keyword value has wrong data type.
2018-05-07 19:48:21	INFO		... converted to type double.
2018-05-07 19:48:21	INFO		FITS card 50: CDELT3  =                    1                                                  
2018-05-07 19:48:21	INFO		Keyword value has wrong data type.
2018-05-07 19:48:21	INFO		... converted to type double.
2018-05-07 19:48:21	INFO	MSFitsInput::setupMeasurementSet	Using tile shape [1, 66, 1985] for HERA with obstype=0
2018-05-07 19:48:21	INFO	MSFitsInput::fillMSMainTable	Reading and writing 67680 visibility groups
2018-05-07 19:48:31	INFO	MSFitsInput::readRandomGroupUVFits	extname=AIPS AN  nrows=47 ncols=10 rowsize=58 pcount=0 gcount=1
2018-05-07 19:48:31	INFO	MSFitsInput::fillExtraTables	Filling SOURCE table.
2018-05-07 19:48:31	WARN	MSFitsInput::fillExtraTable	No systemic velocity for field 0
2018-05-07 19:48:31	WARN	MSFitsInput::fillExtraTable	No rest frequency for field 0
2018-05-07 19:48:31	INFO	importuvfits::::	
2018-05-07 19:48:31	INFO	MSFitsInput::MSFitsInput	Converting FITS file '/data6/HERA/data/2458042/KM_uvR_files/zen.2458042.51326.xx.HH.uvR.uvfits' to MeasurementSet '/data6/HERA/data/2458042/KM_uvR_files/zen.2458042.51326.xx.HH.uvR.uvfits.ms'
2018-05-07 19:48:31	INFO		FITS card 48: CRVAL3  =                   -5                                                  
2018-05-07 19:48:31	INFO		Keyword value has wrong data type.
2018-05-07 19:48:31	INFO		... converted to type double.
2018-05-07 19:48:31	INFO		FITS card 50: CDELT3  =                    1                                                  
2018-05-07 19:48:31	INFO		Keyword value has wrong data type.
2018-05-07 19:48:31	INFO		... converted to type double.
2018-05-07 19:48:31	INFO	MSFitsInput::setupMeasurementSet	Using tile shape [1, 66, 1985] for HERA with obstype=0
2018-05-07 19:48:31	INFO	MSFitsInput::fillMSMainTable	Reading and writing 67680 visibility groups
2018-05-07 19:48:38	INFO	MSFitsInput::readRandomGroupUVFits	extname=AIPS AN  nrows=47 ncols=10 rowsize=58 pcount=0 gcount=1
2018-05-07 19:48:38	INFO	MSFitsInput::fillExtraTables	Filling SOURCE table.
2018-05-07 19:48:38	WARN	MSFitsInput::fillExtraTable	No systemic velocity for field 0
2018-05-07 19:48:38	WARN	MSFitsInput::fillExtraTable	No rest frequency for field 0
2018-05-07 19:48:38	INFO	importuvfits::::	
2018-05-07 19:48:38	INFO	MSFitsInput::MSFitsInput	Converting FITS file '/data6/HERA/data/2458042/KM_uvR_files/zen.2458042.52072.xx.HH.uvR.uvfits' to MeasurementSet '/data6/HERA/data/2458042/KM_uvR_files/zen.2458042.52072.xx.HH.uvR.uvfits.ms'
2018-05-07 19:48:38	INFO		FITS card 48: CRVAL3  =                   -5                                                  
2018-05-07 19:48:38	INFO		Keyword value has wrong data type.
2018-05-07 19:48:38	INFO		... converted to type double.
2018-05-07 19:48:38	INFO		FITS card 50: CDELT3  =                    1                                                  
2018-05-07 19:48:38	INFO		Keyword value has wrong data type.
2018-05-07 19:48:38	INFO		... converted to type double.
2018-05-07 19:48:38	INFO	MSFitsInput::setupMeasurementSet	Using tile shape [1, 66, 1985] for HERA with obstype=0
2018-05-07 19:48:38	INFO	MSFitsInput::fillMSMainTable	Reading and writing 67680 visibility groups
2018-05-07 19:48:43	INFO	MSFitsInput::readRandomGroupUVFits	extname=AIPS AN  nrows=47 ncols=10 rowsize=58 pcount=0 gcount=1
2018-05-07 19:48:43	INFO	MSFitsInput::fillExtraTables	Filling SOURCE table.
2018-05-07 19:48:43	WARN	MSFitsInput::fillExtraTable	No systemic velocity for field 0
2018-05-07 19:48:43	WARN	MSFitsInput::fillExtraTable	No rest frequency for field 0
2018-05-07 19:48:44	INFO	importuvfits::::	
2018-05-07 19:48:44	INFO	MSFitsInput::MSFitsInput	Converting FITS file '/data6/HERA/data/2458042/KM_uvR_files/zen.2458042.52817.xx.HH.uvR.uvfits' to MeasurementSet '/data6/HERA/data/2458042/KM_uvR_files/zen.2458042.52817.xx.HH.uvR.uvfits.ms'
2018-05-07 19:48:44	INFO		FITS card 48: CRVAL3  =                   -5                                                  
2018-05-07 19:48:44	INFO		Keyword value has wrong data type.
2018-05-07 19:48:44	INFO		... converted to type double.
2018-05-07 19:48:44	INFO		FITS card 50: CDELT3  =                    1                                                  
2018-05-07 19:48:44	INFO		Keyword value has wrong data type.
2018-05-07 19:48:44	INFO		... converted to type double.
2018-05-07 19:48:44	INFO	MSFitsInput::setupMeasurementSet	Using tile shape [1, 66, 1985] for HERA with obstype=0
2018-05-07 19:48:44	INFO	MSFitsInput::fillMSMainTable	Reading and writing 67680 visibility groups
2018-05-07 19:48:50	INFO	MSFitsInput::readRandomGroupUVFits	extname=AIPS AN  nrows=47 ncols=10 rowsize=58 pcount=0 gcount=1
2018-05-07 19:48:50	INFO	MSFitsInput::fillExtraTables	Filling SOURCE table.
2018-05-07 19:48:50	WARN	MSFitsInput::fillExtraTable	No systemic velocity for field 0
2018-05-07 19:48:50	WARN	MSFitsInput::fillExtraTable	No rest frequency for field 0
2018-05-07 19:48:50	INFO	importuvfits::::	
2018-05-07 19:48:50	INFO	MSFitsInput::MSFitsInput	Converting FITS file '/data6/HERA/data/2458042/KM_uvR_files/zen.2458042.53563.xx.HH.uvR.uvfits' to MeasurementSet '/data6/HERA/data/2458042/KM_uvR_files/zen.2458042.53563.xx.HH.uvR.uvfits.ms'
2018-05-07 19:48:50	INFO		FITS card 48: CRVAL3  =                   -5                                                  
2018-05-07 19:48:50	INFO		Keyword value has wrong data type.
2018-05-07 19:48:50	INFO		... converted to type double.
2018-05-07 19:48:50	INFO		FITS card 50: CDELT3  =                    1                                                  
2018-05-07 19:48:50	INFO		Keyword value has wrong data type.
2018-05-07 19:48:50	INFO		... converted to type double.
2018-05-07 19:48:50	INFO	MSFitsInput::setupMeasurementSet	Using tile shape [1, 66, 1985] for HERA with obstype=0
2018-05-07 19:48:50	INFO	MSFitsInput::fillMSMainTable	Reading and writing 67680 visibility groups
2018-05-07 19:48:56	INFO	MSFitsInput::readRandomGroupUVFits	extname=AIPS AN  nrows=47 ncols=10 rowsize=58 pcount=0 gcount=1
2018-05-07 19:48:56	INFO	MSFitsInput::fillExtraTables	Filling SOURCE table.
2018-05-07 19:48:56	WARN	MSFitsInput::fillExtraTable	No systemic velocity for field 0
2018-05-07 19:48:56	WARN	MSFitsInput::fillExtraTable	No rest frequency for field 0
2018-05-07 19:48:59	INFO	importuvfits::::	
2018-05-07 19:48:59	INFO	MSFitsInput::MSFitsInput	Converting FITS file '/data6/HERA/data/2458042/KM_uvR_files/zen.2458042.54309.xx.HH.uvR.uvfits' to MeasurementSet '/data6/HERA/data/2458042/KM_uvR_files/zen.2458042.54309.xx.HH.uvR.uvfits.ms'
2018-05-07 19:48:59	INFO		FITS card 48: CRVAL3  =                   -5                                                  
2018-05-07 19:48:59	INFO		Keyword value has wrong data type.
2018-05-07 19:48:59	INFO		... converted to type double.
2018-05-07 19:48:59	INFO		FITS card 50: CDELT3  =                    1                                                  
2018-05-07 19:48:59	INFO		Keyword value has wrong data type.
2018-05-07 19:48:59	INFO		... converted to type double.
2018-05-07 19:48:59	INFO	MSFitsInput::setupMeasurementSet	Using tile shape [1, 66, 1985] for HERA with obstype=0
2018-05-07 19:48:59	INFO	MSFitsInput::fillMSMainTable	Reading and writing 67680 visibility groups
2018-05-07 19:49:05	INFO	MSFitsInput::readRandomGroupUVFits	extname=AIPS AN  nrows=47 ncols=10 rowsize=58 pcount=0 gcount=1
2018-05-07 19:49:05	INFO	MSFitsInput::fillExtraTables	Filling SOURCE table.
2018-05-07 19:49:05	WARN	MSFitsInput::fillExtraTable	No systemic velocity for field 0
2018-05-07 19:49:05	WARN	MSFitsInput::fillExtraTable	No rest frequency for field 0
2018-05-07 19:49:06	INFO	importuvfits::::	
2018-05-07 19:49:06	INFO	MSFitsInput::MSFitsInput	Converting FITS file '/data6/HERA/data/2458042/KM_uvR_files/zen.2458042.55054.xx.HH.uvR.uvfits' to MeasurementSet '/data6/HERA/data/2458042/KM_uvR_files/zen.2458042.55054.xx.HH.uvR.uvfits.ms'
2018-05-07 19:49:06	INFO		FITS card 48: CRVAL3  =                   -5                                                  
2018-05-07 19:49:06	INFO		Keyword value has wrong data type.
2018-05-07 19:49:06	INFO		... converted to type double.
2018-05-07 19:49:06	INFO		FITS card 50: CDELT3  =                    1                                                  
2018-05-07 19:49:06	INFO		Keyword value has wrong data type.
2018-05-07 19:49:06	INFO		... converted to type double.
2018-05-07 19:49:06	INFO	MSFitsInput::setupMeasurementSet	Using tile shape [1, 66, 1985] for HERA with obstype=0
2018-05-07 19:49:06	INFO	MSFitsInput::fillMSMainTable	Reading and writing 67680 visibility groups
2018-05-07 19:49:12	INFO	MSFitsInput::readRandomGroupUVFits	extname=AIPS AN  nrows=47 ncols=10 rowsize=58 pcount=0 gcount=1
2018-05-07 19:49:12	INFO	MSFitsInput::fillExtraTables	Filling SOURCE table.
2018-05-07 19:49:12	WARN	MSFitsInput::fillExtraTable	No systemic velocity for field 0
2018-05-07 19:49:12	WARN	MSFitsInput::fillExtraTable	No rest frequency for field 0
2018-05-07 19:49:13	INFO	importuvfits::::	
2018-05-07 19:49:13	INFO	MSFitsInput::MSFitsInput	Converting FITS file '/data6/HERA/data/2458042/KM_uvR_files/zen.2458042.55800.xx.HH.uvR.uvfits' to MeasurementSet '/data6/HERA/data/2458042/KM_uvR_files/zen.2458042.55800.xx.HH.uvR.uvfits.ms'
2018-05-07 19:49:13	INFO		FITS card 48: CRVAL3  =                   -5                                                  
2018-05-07 19:49:13	INFO		Keyword value has wrong data type.
2018-05-07 19:49:13	INFO		... converted to type double.
2018-05-07 19:49:13	INFO		FITS card 50: CDELT3  =                    1                                                  
2018-05-07 19:49:13	INFO		Keyword value has wrong data type.
2018-05-07 19:49:13	INFO		... converted to type double.
2018-05-07 19:49:13	INFO	MSFitsInput::setupMeasurementSet	Using tile shape [1, 66, 1985] for HERA with obstype=0
2018-05-07 19:49:13	INFO	MSFitsInput::fillMSMainTable	Reading and writing 67680 visibility groups
2018-05-07 19:49:19	INFO	MSFitsInput::readRandomGroupUVFits	extname=AIPS AN  nrows=47 ncols=10 rowsize=58 pcount=0 gcount=1
2018-05-07 19:49:19	INFO	MSFitsInput::fillExtraTables	Filling SOURCE table.
2018-05-07 19:49:19	WARN	MSFitsInput::fillExtraTable	No systemic velocity for field 0
2018-05-07 19:49:19	WARN	MSFitsInput::fillExtraTable	No rest frequency for field 0
2018-05-07 19:49:19	INFO	importuvfits::::	
2018-05-07 19:49:19	INFO	MSFitsInput::MSFitsInput	Converting FITS file '/data6/HERA/data/2458042/KM_uvR_files/zen.2458042.56546.xx.HH.uvR.uvfits' to MeasurementSet '/data6/HERA/data/2458042/KM_uvR_files/zen.2458042.56546.xx.HH.uvR.uvfits.ms'
2018-05-07 19:49:19	INFO		FITS card 48: CRVAL3  =                   -5                                                  
2018-05-07 19:49:19	INFO		Keyword value has wrong data type.
2018-05-07 19:49:19	INFO		... converted to type double.
2018-05-07 19:49:19	INFO		FITS card 50: CDELT3  =                    1                                                  
2018-05-07 19:49:19	INFO		Keyword value has wrong data type.
2018-05-07 19:49:19	INFO		... converted to type double.
2018-05-07 19:49:19	INFO	MSFitsInput::setupMeasurementSet	Using tile shape [1, 66, 1985] for HERA with obstype=0
2018-05-07 19:49:19	INFO	MSFitsInput::fillMSMainTable	Reading and writing 67680 visibility groups
2018-05-07 19:49:25	INFO	MSFitsInput::readRandomGroupUVFits	extname=AIPS AN  nrows=47 ncols=10 rowsize=58 pcount=0 gcount=1
2018-05-07 19:49:25	INFO	MSFitsInput::fillExtraTables	Filling SOURCE table.
2018-05-07 19:49:25	WARN	MSFitsInput::fillExtraTable	No systemic velocity for field 0
2018-05-07 19:49:25	WARN	MSFitsInput::fillExtraTable	No rest frequency for field 0
2018-05-07 19:49:25	INFO	importuvfits::::	
2018-05-07 19:49:25	INFO	MSFitsInput::MSFitsInput	Converting FITS file '/data6/HERA/data/2458042/KM_uvR_files/zen.2458042.57291.xx.HH.uvR.uvfits' to MeasurementSet '/data6/HERA/data/2458042/KM_uvR_files/zen.2458042.57291.xx.HH.uvR.uvfits.ms'
2018-05-07 19:49:25	INFO		FITS card 48: CRVAL3  =                   -5                                                  
2018-05-07 19:49:25	INFO		Keyword value has wrong data type.
2018-05-07 19:49:25	INFO		... converted to type double.
2018-05-07 19:49:25	INFO		FITS card 50: CDELT3  =                    1                                                  
2018-05-07 19:49:25	INFO		Keyword value has wrong data type.
2018-05-07 19:49:25	INFO		... converted to type double.
2018-05-07 19:49:25	INFO	MSFitsInput::setupMeasurementSet	Using tile shape [1, 66, 1985] for HERA with obstype=0
2018-05-07 19:49:25	INFO	MSFitsInput::fillMSMainTable	Reading and writing 67680 visibility groups
2018-05-07 19:49:31	INFO	MSFitsInput::readRandomGroupUVFits	extname=AIPS AN  nrows=47 ncols=10 rowsize=58 pcount=0 gcount=1
2018-05-07 19:49:31	INFO	MSFitsInput::fillExtraTables	Filling SOURCE table.
2018-05-07 19:49:31	WARN	MSFitsInput::fillExtraTable	No systemic velocity for field 0
2018-05-07 19:49:31	WARN	MSFitsInput::fillExtraTable	No rest frequency for field 0
2018-05-07 19:49:34	INFO	importuvfits::::	
2018-05-07 19:49:34	INFO	MSFitsInput::MSFitsInput	Converting FITS file '/data6/HERA/data/2458042/KM_uvR_files/zen.2458042.58037.xx.HH.uvR.uvfits' to MeasurementSet '/data6/HERA/data/2458042/KM_uvR_files/zen.2458042.58037.xx.HH.uvR.uvfits.ms'
2018-05-07 19:49:34	INFO		FITS card 48: CRVAL3  =                   -5                                                  
2018-05-07 19:49:34	INFO		Keyword value has wrong data type.
2018-05-07 19:49:34	INFO		... converted to type double.
2018-05-07 19:49:34	INFO		FITS card 50: CDELT3  =                    1                                                  
2018-05-07 19:49:34	INFO		Keyword value has wrong data type.
2018-05-07 19:49:34	INFO		... converted to type double.
2018-05-07 19:49:34	INFO	MSFitsInput::setupMeasurementSet	Using tile shape [1, 66, 1985] for HERA with obstype=0
2018-05-07 19:49:34	INFO	MSFitsInput::fillMSMainTable	Reading and writing 67680 visibility groups
2018-05-07 19:49:41	INFO	MSFitsInput::readRandomGroupUVFits	extname=AIPS AN  nrows=47 ncols=10 rowsize=58 pcount=0 gcount=1
2018-05-07 19:49:41	INFO	MSFitsInput::fillExtraTables	Filling SOURCE table.
2018-05-07 19:49:41	WARN	MSFitsInput::fillExtraTable	No systemic velocity for field 0
2018-05-07 19:49:41	WARN	MSFitsInput::fillExtraTable	No rest frequency for field 0
2018-05-07 19:49:41	INFO	importuvfits::::	
2018-05-07 19:49:41	INFO	MSFitsInput::MSFitsInput	Converting FITS file '/data6/HERA/data/2458042/KM_uvR_files/zen.2458042.58783.xx.HH.uvR.uvfits' to MeasurementSet '/data6/HERA/data/2458042/KM_uvR_files/zen.2458042.58783.xx.HH.uvR.uvfits.ms'
2018-05-07 19:49:41	INFO		FITS card 48: CRVAL3  =                   -5                                                  
2018-05-07 19:49:41	INFO		Keyword value has wrong data type.
2018-05-07 19:49:41	INFO		... converted to type double.
2018-05-07 19:49:41	INFO		FITS card 50: CDELT3  =                    1                                                  
2018-05-07 19:49:41	INFO		Keyword value has wrong data type.
2018-05-07 19:49:41	INFO		... converted to type double.
2018-05-07 19:49:41	INFO	MSFitsInput::setupMeasurementSet	Using tile shape [1, 66, 1985] for HERA with obstype=0
2018-05-07 19:49:41	INFO	MSFitsInput::fillMSMainTable	Reading and writing 67680 visibility groups
2018-05-07 19:49:48	INFO	MSFitsInput::readRandomGroupUVFits	extname=AIPS AN  nrows=47 ncols=10 rowsize=58 pcount=0 gcount=1
2018-05-07 19:49:48	INFO	MSFitsInput::fillExtraTables	Filling SOURCE table.
2018-05-07 19:49:48	WARN	MSFitsInput::fillExtraTable	No systemic velocity for field 0
2018-05-07 19:49:48	WARN	MSFitsInput::fillExtraTable	No rest frequency for field 0
2018-05-07 19:49:48	INFO	importuvfits::::	
2018-05-07 19:49:48	INFO	MSFitsInput::MSFitsInput	Converting FITS file '/data6/HERA/data/2458042/KM_uvR_files/zen.2458042.59528.xx.HH.uvR.uvfits' to MeasurementSet '/data6/HERA/data/2458042/KM_uvR_files/zen.2458042.59528.xx.HH.uvR.uvfits.ms'
2018-05-07 19:49:48	INFO		FITS card 48: CRVAL3  =                   -5                                                  
2018-05-07 19:49:48	INFO		Keyword value has wrong data type.
2018-05-07 19:49:48	INFO		... converted to type double.
2018-05-07 19:49:48	INFO		FITS card 50: CDELT3  =                    1                                                  
2018-05-07 19:49:48	INFO		Keyword value has wrong data type.
2018-05-07 19:49:48	INFO		... converted to type double.
2018-05-07 19:49:48	INFO	MSFitsInput::setupMeasurementSet	Using tile shape [1, 66, 1985] for HERA with obstype=0
2018-05-07 19:49:48	INFO	MSFitsInput::fillMSMainTable	Reading and writing 67680 visibility groups
2018-05-07 19:49:54	INFO	MSFitsInput::readRandomGroupUVFits	extname=AIPS AN  nrows=47 ncols=10 rowsize=58 pcount=0 gcount=1
2018-05-07 19:49:54	INFO	MSFitsInput::fillExtraTables	Filling SOURCE table.
2018-05-07 19:49:54	WARN	MSFitsInput::fillExtraTable	No systemic velocity for field 0
2018-05-07 19:49:54	WARN	MSFitsInput::fillExtraTable	No rest frequency for field 0
2018-05-07 19:49:54	INFO	importuvfits::::	
2018-05-07 19:49:54	INFO	MSFitsInput::MSFitsInput	Converting FITS file '/data6/HERA/data/2458042/KM_uvR_files/zen.2458042.60274.xx.HH.uvR.uvfits' to MeasurementSet '/data6/HERA/data/2458042/KM_uvR_files/zen.2458042.60274.xx.HH.uvR.uvfits.ms'
2018-05-07 19:49:54	INFO		FITS card 48: CRVAL3  =                   -5                                                  
2018-05-07 19:49:54	INFO		Keyword value has wrong data type.
2018-05-07 19:49:54	INFO		... converted to type double.
2018-05-07 19:49:54	INFO		FITS card 50: CDELT3  =                    1                                                  
2018-05-07 19:49:54	INFO		Keyword value has wrong data type.
2018-05-07 19:49:54	INFO		... converted to type double.
2018-05-07 19:49:54	INFO	MSFitsInput::setupMeasurementSet	Using tile shape [1, 66, 1985] for HERA with obstype=0
2018-05-07 19:49:54	INFO	MSFitsInput::fillMSMainTable	Reading and writing 67680 visibility groups
2018-05-07 19:50:00	INFO	MSFitsInput::readRandomGroupUVFits	extname=AIPS AN  nrows=47 ncols=10 rowsize=58 pcount=0 gcount=1
2018-05-07 19:50:00	INFO	MSFitsInput::fillExtraTables	Filling SOURCE table.
2018-05-07 19:50:00	WARN	MSFitsInput::fillExtraTable	No systemic velocity for field 0
2018-05-07 19:50:00	WARN	MSFitsInput::fillExtraTable	No rest frequency for field 0
2018-05-07 19:50:00	INFO	importuvfits::::	
2018-05-07 19:50:00	INFO	MSFitsInput::MSFitsInput	Converting FITS file '/data6/HERA/data/2458042/KM_uvR_files/zen.2458042.61020.xx.HH.uvR.uvfits' to MeasurementSet '/data6/HERA/data/2458042/KM_uvR_files/zen.2458042.61020.xx.HH.uvR.uvfits.ms'
2018-05-07 19:50:00	INFO		FITS card 48: CRVAL3  =                   -5                                                  
2018-05-07 19:50:00	INFO		Keyword value has wrong data type.
2018-05-07 19:50:00	INFO		... converted to type double.
2018-05-07 19:50:00	INFO		FITS card 50: CDELT3  =                    1                                                  
2018-05-07 19:50:00	INFO		Keyword value has wrong data type.
2018-05-07 19:50:00	INFO		... converted to type double.
2018-05-07 19:50:00	INFO	MSFitsInput::setupMeasurementSet	Using tile shape [1, 66, 1985] for HERA with obstype=0
2018-05-07 19:50:00	INFO	MSFitsInput::fillMSMainTable	Reading and writing 67680 visibility groups
2018-05-07 19:50:06	INFO	MSFitsInput::readRandomGroupUVFits	extname=AIPS AN  nrows=47 ncols=10 rowsize=58 pcount=0 gcount=1
2018-05-07 19:50:06	INFO	MSFitsInput::fillExtraTables	Filling SOURCE table.
2018-05-07 19:50:06	WARN	MSFitsInput::fillExtraTable	No systemic velocity for field 0
2018-05-07 19:50:06	WARN	MSFitsInput::fillExtraTable	No rest frequency for field 0
2018-05-07 19:50:09	INFO	importuvfits::::	
2018-05-07 19:50:09	INFO	MSFitsInput::MSFitsInput	Converting FITS file '/data6/HERA/data/2458042/KM_uvR_files/zen.2458042.61765.xx.HH.uvR.uvfits' to MeasurementSet '/data6/HERA/data/2458042/KM_uvR_files/zen.2458042.61765.xx.HH.uvR.uvfits.ms'
2018-05-07 19:50:09	INFO		FITS card 48: CRVAL3  =                   -5                                                  
2018-05-07 19:50:09	INFO		Keyword value has wrong data type.
2018-05-07 19:50:09	INFO		... converted to type double.
2018-05-07 19:50:09	INFO		FITS card 50: CDELT3  =                    1                                                  
2018-05-07 19:50:09	INFO		Keyword value has wrong data type.
2018-05-07 19:50:09	INFO		... converted to type double.
2018-05-07 19:50:09	INFO	MSFitsInput::setupMeasurementSet	Using tile shape [1, 66, 1985] for HERA with obstype=0
2018-05-07 19:50:09	INFO	MSFitsInput::fillMSMainTable	Reading and writing 67680 visibility groups
2018-05-07 19:50:16	INFO	MSFitsInput::readRandomGroupUVFits	extname=AIPS AN  nrows=47 ncols=10 rowsize=58 pcount=0 gcount=1
2018-05-07 19:50:16	INFO	MSFitsInput::fillExtraTables	Filling SOURCE table.
2018-05-07 19:50:16	WARN	MSFitsInput::fillExtraTable	No systemic velocity for field 0
2018-05-07 19:50:16	WARN	MSFitsInput::fillExtraTable	No rest frequency for field 0
2018-05-07 19:50:17	INFO	importuvfits::::	
2018-05-07 19:50:17	INFO	MSFitsInput::MSFitsInput	Converting FITS file '/data6/HERA/data/2458042/KM_uvR_files/zen.2458042.62511.xx.HH.uvR.uvfits' to MeasurementSet '/data6/HERA/data/2458042/KM_uvR_files/zen.2458042.62511.xx.HH.uvR.uvfits.ms'
2018-05-07 19:50:17	INFO		FITS card 48: CRVAL3  =                   -5                                                  
2018-05-07 19:50:17	INFO		Keyword value has wrong data type.
2018-05-07 19:50:17	INFO		... converted to type double.
2018-05-07 19:50:17	INFO		FITS card 50: CDELT3  =                    1                                                  
2018-05-07 19:50:17	INFO		Keyword value has wrong data type.
2018-05-07 19:50:17	INFO		... converted to type double.
2018-05-07 19:50:17	INFO	MSFitsInput::setupMeasurementSet	Using tile shape [1, 66, 1985] for HERA with obstype=0
2018-05-07 19:50:17	INFO	MSFitsInput::fillMSMainTable	Reading and writing 67680 visibility groups
2018-05-07 19:50:24	INFO	MSFitsInput::readRandomGroupUVFits	extname=AIPS AN  nrows=47 ncols=10 rowsize=58 pcount=0 gcount=1
2018-05-07 19:50:24	INFO	MSFitsInput::fillExtraTables	Filling SOURCE table.
2018-05-07 19:50:24	WARN	MSFitsInput::fillExtraTable	No systemic velocity for field 0
2018-05-07 19:50:24	WARN	MSFitsInput::fillExtraTable	No rest frequency for field 0
2018-05-07 19:50:24	INFO	importuvfits::::	
2018-05-07 19:50:24	INFO	MSFitsInput::MSFitsInput	Converting FITS file '/data6/HERA/data/2458042/KM_uvR_files/zen.2458042.63256.xx.HH.uvR.uvfits' to MeasurementSet '/data6/HERA/data/2458042/KM_uvR_files/zen.2458042.63256.xx.HH.uvR.uvfits.ms'
2018-05-07 19:50:24	INFO		FITS card 48: CRVAL3  =                   -5                                                  
2018-05-07 19:50:24	INFO		Keyword value has wrong data type.
2018-05-07 19:50:24	INFO		... converted to type double.
2018-05-07 19:50:24	INFO		FITS card 50: CDELT3  =                    1                                                  
2018-05-07 19:50:24	INFO		Keyword value has wrong data type.
2018-05-07 19:50:24	INFO		... converted to type double.
2018-05-07 19:50:24	INFO	MSFitsInput::setupMeasurementSet	Using tile shape [1, 66, 1985] for HERA with obstype=0
2018-05-07 19:50:24	INFO	MSFitsInput::fillMSMainTable	Reading and writing 67680 visibility groups
2018-05-07 19:50:30	INFO	MSFitsInput::readRandomGroupUVFits	extname=AIPS AN  nrows=47 ncols=10 rowsize=58 pcount=0 gcount=1
2018-05-07 19:50:30	INFO	MSFitsInput::fillExtraTables	Filling SOURCE table.
2018-05-07 19:50:30	WARN	MSFitsInput::fillExtraTable	No systemic velocity for field 0
2018-05-07 19:50:30	WARN	MSFitsInput::fillExtraTable	No rest frequency for field 0
2018-05-07 19:50:30	INFO	importuvfits::::	
2018-05-07 19:50:30	INFO	MSFitsInput::MSFitsInput	Converting FITS file '/data6/HERA/data/2458042/KM_uvR_files/zen.2458042.64002.xx.HH.uvR.uvfits' to MeasurementSet '/data6/HERA/data/2458042/KM_uvR_files/zen.2458042.64002.xx.HH.uvR.uvfits.ms'
2018-05-07 19:50:30	INFO		FITS card 48: CRVAL3  =                   -5                                                  
2018-05-07 19:50:30	INFO		Keyword value has wrong data type.
2018-05-07 19:50:30	INFO		... converted to type double.
2018-05-07 19:50:30	INFO		FITS card 50: CDELT3  =                    1                                                  
2018-05-07 19:50:30	INFO		Keyword value has wrong data type.
2018-05-07 19:50:30	INFO		... converted to type double.
2018-05-07 19:50:30	INFO	MSFitsInput::setupMeasurementSet	Using tile shape [1, 66, 1985] for HERA with obstype=0
2018-05-07 19:50:30	INFO	MSFitsInput::fillMSMainTable	Reading and writing 67680 visibility groups
2018-05-07 19:50:35	INFO	MSFitsInput::readRandomGroupUVFits	extname=AIPS AN  nrows=47 ncols=10 rowsize=58 pcount=0 gcount=1
2018-05-07 19:50:35	INFO	MSFitsInput::fillExtraTables	Filling SOURCE table.
2018-05-07 19:50:35	WARN	MSFitsInput::fillExtraTable	No systemic velocity for field 0
2018-05-07 19:50:35	WARN	MSFitsInput::fillExtraTable	No rest frequency for field 0
2018-05-07 19:50:35	INFO	importuvfits::::	
2018-05-07 19:50:35	INFO	MSFitsInput::MSFitsInput	Converting FITS file '/data6/HERA/data/2458042/KM_uvR_files/zen.2458042.64748.xx.HH.uvR.uvfits' to MeasurementSet '/data6/HERA/data/2458042/KM_uvR_files/zen.2458042.64748.xx.HH.uvR.uvfits.ms'
2018-05-07 19:50:35	INFO		FITS card 48: CRVAL3  =                   -5                                                  
2018-05-07 19:50:35	INFO		Keyword value has wrong data type.
2018-05-07 19:50:35	INFO		... converted to type double.
2018-05-07 19:50:35	INFO		FITS card 50: CDELT3  =                    1                                                  
2018-05-07 19:50:35	INFO		Keyword value has wrong data type.
2018-05-07 19:50:35	INFO		... converted to type double.
2018-05-07 19:50:35	INFO	MSFitsInput::setupMeasurementSet	Using tile shape [1, 66, 1985] for HERA with obstype=0
2018-05-07 19:50:35	INFO	MSFitsInput::fillMSMainTable	Reading and writing 67680 visibility groups
2018-05-07 19:50:42	INFO	MSFitsInput::readRandomGroupUVFits	extname=AIPS AN  nrows=47 ncols=10 rowsize=58 pcount=0 gcount=1
2018-05-07 19:50:42	INFO	MSFitsInput::fillExtraTables	Filling SOURCE table.
2018-05-07 19:50:42	WARN	MSFitsInput::fillExtraTable	No systemic velocity for field 0
2018-05-07 19:50:42	WARN	MSFitsInput::fillExtraTable	No rest frequency for field 0
2018-05-07 19:50:45	INFO	importuvfits::::	
2018-05-07 19:50:45	INFO	MSFitsInput::MSFitsInput	Converting FITS file '/data6/HERA/data/2458042/KM_uvR_files/zen.2458042.65493.xx.HH.uvR.uvfits' to MeasurementSet '/data6/HERA/data/2458042/KM_uvR_files/zen.2458042.65493.xx.HH.uvR.uvfits.ms'
2018-05-07 19:50:45	INFO		FITS card 48: CRVAL3  =                   -5                                                  
2018-05-07 19:50:45	INFO		Keyword value has wrong data type.
2018-05-07 19:50:45	INFO		... converted to type double.
2018-05-07 19:50:45	INFO		FITS card 50: CDELT3  =                    1                                                  
2018-05-07 19:50:45	INFO		Keyword value has wrong data type.
2018-05-07 19:50:45	INFO		... converted to type double.
2018-05-07 19:50:45	INFO	MSFitsInput::setupMeasurementSet	Using tile shape [1, 66, 1985] for HERA with obstype=0
2018-05-07 19:50:45	INFO	MSFitsInput::fillMSMainTable	Reading and writing 67680 visibility groups
2018-05-07 19:50:50	INFO	MSFitsInput::readRandomGroupUVFits	extname=AIPS AN  nrows=47 ncols=10 rowsize=58 pcount=0 gcount=1
2018-05-07 19:50:50	INFO	MSFitsInput::fillExtraTables	Filling SOURCE table.
2018-05-07 19:50:50	WARN	MSFitsInput::fillExtraTable	No systemic velocity for field 0
2018-05-07 19:50:50	WARN	MSFitsInput::fillExtraTable	No rest frequency for field 0
2018-05-07 19:50:51	INFO	importuvfits::::	
2018-05-07 19:50:51	INFO	MSFitsInput::MSFitsInput	Converting FITS file '/data6/HERA/data/2458042/KM_uvR_files/zen.2458042.66239.xx.HH.uvR.uvfits' to MeasurementSet '/data6/HERA/data/2458042/KM_uvR_files/zen.2458042.66239.xx.HH.uvR.uvfits.ms'
2018-05-07 19:50:51	INFO		FITS card 48: CRVAL3  =                   -5                                                  
2018-05-07 19:50:51	INFO		Keyword value has wrong data type.
2018-05-07 19:50:51	INFO		... converted to type double.
2018-05-07 19:50:51	INFO		FITS card 50: CDELT3  =                    1                                                  
2018-05-07 19:50:51	INFO		Keyword value has wrong data type.
2018-05-07 19:50:51	INFO		... converted to type double.
2018-05-07 19:50:51	INFO	MSFitsInput::setupMeasurementSet	Using tile shape [1, 66, 1985] for HERA with obstype=0
2018-05-07 19:50:51	INFO	MSFitsInput::fillMSMainTable	Reading and writing 38352 visibility groups
2018-05-07 19:50:54	INFO	MSFitsInput::readRandomGroupUVFits	extname=AIPS AN  nrows=47 ncols=10 rowsize=58 pcount=0 gcount=1
2018-05-07 19:50:54	INFO	MSFitsInput::fillExtraTables	Filling SOURCE table.
2018-05-07 19:50:54	WARN	MSFitsInput::fillExtraTable	No systemic velocity for field 0
2018-05-07 19:50:54	WARN	MSFitsInput::fillExtraTable	No rest frequency for field 0
